"Yara";"SonicWall_IPs";"/mnt/dc3/Windows/System32/winevt/Logs/Microsoft-Windows-SMBServer%4Security.evtx";"$ip_range at offset 2: 192.168.16.151 in ({\"Event\":{\"#attributes\":{\"xmlns\":\"http://schemas.microsoft.com/win/2004/08/events/event\"},\"System\":{\"Channel\":\"Microsoft-Windows-SMBServer/Security\",\"Computer\":\"EWG-GW-DC-01.Erdwaerme.local\",\"Correlation\":null,\"EventID\":551,\"EventRecordID\":445598,\"Execution\":{\"#attributes\":{\"ProcessID\":4,\"ThreadID\":8676}},\"Keywords\":\"0x810000000000008\",\"Level\":2,\"Opcode\":0,\"Provider\":{\"#attributes\":{\"Guid\":\"D48CE617-33A2-4BC3-A5C7-11AA4F29619E\",\"Name\":\"Microsoft-Windows-SMBServer\"}},\"Security\":{\"#attributes\":{\"UserID\":\"S-1-5-18\"}},\"Task\":551,\"TimeCreated\":{\"#attributes\":{\"SystemTime\":\"2022-05-08T17:05:50.845381Z\"}},\"Version\":2},\"UserData\":{\"EventData\":{\"#attributes\":{\"xmlns\":\"Smb2Namespace\"},\"ClientAddress\":\"0200C5C3C0A8109700000000000000000000FFFFC0A810970000000000000000000000000000000000000000000000000000000000000000000000000000000000000000000000000000000000000000000000000000000000000000000000000000000000000000000000000000000000000000000000000000000000000000\",\"ClientAddressLength\":128,\"ClientName\":\"\\\\192.168.16.151\",\"ClientNameLength\":16,\"ConnectionGUID\":\"506891B9-5DD3-0001-C049-7250D35DD801\",\"SPN\":\"session setup failed before the SPN could be queried\",\"SPNValidationPolicy\":0,\"SessionGUID\":\"506891B9-5DD3-0001-C149-7250D35DD801\",\"SessionId\":\"0x1902dc800006d\",\"Status\":\"0xc000006d\",\"TranslatedStatus\":\"0xc000006d\",\"UserName\":\"\",\"UserNameLength\":0}}}})"
"Yara";"SonicWall_IPs";"/mnt/dc3/Windows/System32/winevt/Logs/Microsoft-Windows-SMBServer%4Security.evtx";"$ip_range at offset 2: 192.168.16.151 in ({\"Event\":{\"#attributes\":{\"xmlns\":\"http://schemas.microsoft.com/win/2004/08/events/event\"},\"System\":{\"Channel\":\"Microsoft-Windows-SMBServer/Security\",\"Computer\":\"EWG-GW-DC-01.Erdwaerme.local\",\"Correlation\":null,\"EventID\":551,\"EventRecordID\":445599,\"Execution\":{\"#attributes\":{\"ProcessID\":4,\"ThreadID\":7612}},\"Keywords\":\"0x810000000000008\",\"Level\":2,\"Opcode\":0,\"Provider\":{\"#attributes\":{\"Guid\":\"D48CE617-33A2-4BC3-A5C7-11AA4F29619E\",\"Name\":\"Microsoft-Windows-SMBServer\"}},\"Security\":{\"#attributes\":{\"UserID\":\"S-1-5-18\"}},\"Task\":551,\"TimeCreated\":{\"#attributes\":{\"SystemTime\":\"2022-05-08T17:05:51.276820Z\"}},\"Version\":2},\"UserData\":{\"EventData\":{\"#attributes\":{\"xmlns\":\"Smb2Namespace\"},\"ClientAddress\":\"0200C5CEC0A8109700000000000000000000FFFFC0A810970000000000000000000000000000000000000000000000000000000000000000000000000000000000000000000000000000000000000000000000000000000000000000000000000000000000000000000000000000000000000000000000000000000000000000\",\"ClientAddressLength\":128,\"ClientName\":\"\\\\192.168.16.151\",\"ClientNameLength\":16,\"ConnectionGUID\":\"506891B9-5DD3-0000-32CE-7050D35DD801\",\"SPN\":\"session setup failed before the SPN could be queried\",\"SPNValidationPolicy\":0,\"SessionGUID\":\"506891B9-5DD3-0000-33CE-7050D35DD801\",\"SessionId\":\"0x1902dc400002d\",\"Status\":\"0xc000006d\",\"TranslatedStatus\":\"0xc000006d\",\"UserName\":\"\",\"UserNameLength\":0}}}})"
"Yara";"SonicWall_IPs";"/mnt/dc3/Windows/System32/winevt/Logs/Microsoft-Windows-SMBServer%4Security.evtx";"$ip_range at offset 2: 192.168.16.151 in ({\"Event\":{\"#attributes\":{\"xmlns\":\"http://schemas.microsoft.com/win/2004/08/events/event\"},\"System\":{\"Channel\":\"Microsoft-Windows-SMBServer/Security\",\"Computer\":\"EWG-GW-DC-01.Erdwaerme.local\",\"Correlation\":null,\"EventID\":551,\"EventRecordID\":445600,\"Execution\":{\"#attributes\":{\"ProcessID\":4,\"ThreadID\":7464}},\"Keywords\":\"0x810000000000008\",\"Level\":2,\"Opcode\":0,\"Provider\":{\"#attributes\":{\"Guid\":\"D48CE617-33A2-4BC3-A5C7-11AA4F29619E\",\"Name\":\"Microsoft-Windows-SMBServer\"}},\"Security\":{\"#attributes\":{\"UserID\":\"S-1-5-18\"}},\"Task\":551,\"TimeCreated\":{\"#attributes\":{\"SystemTime\":\"2022-05-08T17:05:52.250499Z\"}},\"Version\":2},\"UserData\":{\"EventData\":{\"#attributes\":{\"xmlns\":\"Smb2Namespace\"},\"ClientAddress\":\"0200C600C0A8109700000000000000000000FFFFC0A810970000000000000000000000000000000000000000000000000000000000000000000000000000000000000000000000000000000000000000000000000000000000000000000000000000000000000000000000000000000000000000000000000000000000000000\",\"ClientAddressLength\":128,\"ClientName\":\"\\\\192.168.16.151\",\"ClientNameLength\":16,\"ConnectionGUID\":\"506891B9-5DD3-0001-C249-7250D35DD801\",\"SPN\":\"session setup failed before the SPN could be queried\",\"SPNValidationPolicy\":0,\"SessionGUID\":\"506891B9-5DD3-0001-C349-7250D35DD801\",\"SessionId\":\"0x1902db8000005\",\"Status\":\"0xc000006d\",\"TranslatedStatus\":\"0xc000006d\",\"UserName\":\"\",\"UserNameLength\":0}}}})"
"Yara";"SonicWall_IPs";"/mnt/dc3/Windows/System32/winevt/Logs/Microsoft-Windows-SMBServer%4Security.evtx";"$ip_range at offset 2: 192.168.16.151 in ({\"Event\":{\"#attributes\":{\"xmlns\":\"http://schemas.microsoft.com/win/2004/08/events/event\"},\"System\":{\"Channel\":\"Microsoft-Windows-SMBServer/Security\",\"Computer\":\"EWG-GW-DC-01.Erdwaerme.local\",\"Correlation\":null,\"EventID\":551,\"EventRecordID\":445601,\"Execution\":{\"#attributes\":{\"ProcessID\":4,\"ThreadID\":7464}},\"Keywords\":\"0x810000000000008\",\"Level\":2,\"Opcode\":0,\"Provider\":{\"#attributes\":{\"Guid\":\"D48CE617-33A2-4BC3-A5C7-11AA4F29619E\",\"Name\":\"Microsoft-Windows-SMBServer\"}},\"Security\":{\"#attributes\":{\"UserID\":\"S-1-5-18\"}},\"Task\":551,\"TimeCreated\":{\"#attributes\":{\"SystemTime\":\"2022-05-08T17:05:52.663671Z\"}},\"Version\":2},\"UserData\":{\"EventData\":{\"#attributes\":{\"xmlns\":\"Smb2Namespace\"},\"ClientAddress\":\"0200C607C0A8109700000000000000000000FFFFC0A810970000000000000000000000000000000000000000000000000000000000000000000000000000000000000000000000000000000000000000000000000000000000000000000000000000000000000000000000000000000000000000000000000000000000000000\",\"ClientAddressLength\":128,\"ClientName\":\"\\\\192.168.16.151\",\"ClientNameLength\":16,\"ConnectionGUID\":\"506891B9-5DD3-0001-C449-7250D35DD801\",\"SPN\":\"session setup failed before the SPN could be queried\",\"SPNValidationPolicy\":0,\"SessionGUID\":\"506891B9-5DD3-0000-34CE-7050D35DD801\",\"SessionId\":\"0x1902c90000019\",\"Status\":\"0xc000006d\",\"TranslatedStatus\":\"0xc000006d\",\"UserName\":\"\",\"UserNameLength\":0}}}})"
"Yara";"SonicWall_IPs";"/mnt/dc3/Windows/System32/winevt/Logs/Microsoft-Windows-SMBServer%4Security.evtx";"$ip_range at offset 2: 192.168.16.151 in ({\"Event\":{\"#attributes\":{\"xmlns\":\"http://schemas.microsoft.com/win/2004/08/events/event\"},\"System\":{\"Channel\":\"Microsoft-Windows-SMBServer/Security\",\"Computer\":\"EWG-GW-DC-01.Erdwaerme.local\",\"Correlation\":null,\"EventID\":551,\"EventRecordID\":445602,\"Execution\":{\"#attributes\":{\"ProcessID\":4,\"ThreadID\":8676}},\"Keywords\":\"0x810000000000008\",\"Level\":2,\"Opcode\":0,\"Provider\":{\"#attributes\":{\"Guid\":\"D48CE617-33A2-4BC3-A5C7-11AA4F29619E\",\"Name\":\"Microsoft-Windows-SMBServer\"}},\"Security\":{\"#attributes\":{\"UserID\":\"S-1-5-18\"}},\"Task\":551,\"TimeCreated\":{\"#attributes\":{\"SystemTime\":\"2022-05-08T17:05:53.621481Z\"}},\"Version\":2},\"UserData\":{\"EventData\":{\"#attributes\":{\"xmlns\":\"Smb2Namespace\"},\"ClientAddress\":\"0200C612C0A8109700000000000000000000FFFFC0A810970000000000000000000000000000000000000000000000000000000000000000000000000000000000000000000000000000000000000000000000000000000000000000000000000000000000000000000000000000000000000000000000000000000000000000\",\"ClientAddressLength\":128,\"ClientName\":\"\\\\192.168.16.151\",\"ClientNameLength\":16,\"ConnectionGUID\":\"506891B9-5DD3-0001-C849-7250D35DD801\",\"SPN\":\"session setup failed before the SPN could be queried\",\"SPNValidationPolicy\":0,\"SessionGUID\":\"506891B9-5DD3-0001-C949-7250D35DD801\",\"SessionId\":\"0x1902dbc000009\",\"Status\":\"0xc000006d\",\"TranslatedStatus\":\"0xc000006d\",\"UserName\":\"\",\"UserNameLength\":0}}}})"
"Yara";"SonicWall_IPs";"/mnt/dc3/Windows/System32/winevt/Logs/Microsoft-Windows-SMBServer%4Security.evtx";"$ip_range at offset 2: 192.168.16.151 in ({\"Event\":{\"#attributes\":{\"xmlns\":\"http://schemas.microsoft.com/win/2004/08/events/event\"},\"System\":{\"Channel\":\"Microsoft-Windows-SMBServer/Security\",\"Computer\":\"EWG-GW-DC-01.Erdwaerme.local\",\"Correlation\":null,\"EventID\":551,\"EventRecordID\":445603,\"Execution\":{\"#attributes\":{\"ProcessID\":4,\"ThreadID\":7612}},\"Keywords\":\"0x810000000000008\",\"Level\":2,\"Opcode\":0,\"Provider\":{\"#attributes\":{\"Guid\":\"D48CE617-33A2-4BC3-A5C7-11AA4F29619E\",\"Name\":\"Microsoft-Windows-SMBServer\"}},\"Security\":{\"#attributes\":{\"UserID\":\"S-1-5-18\"}},\"Task\":551,\"TimeCreated\":{\"#attributes\":{\"SystemTime\":\"2022-05-08T17:05:54.239189Z\"}},\"Version\":2},\"UserData\":{\"EventData\":{\"#attributes\":{\"xmlns\":\"Smb2Namespace\"},\"ClientAddress\":\"0200C61BC0A8109700000000000000000000FFFFC0A810970000000000000000000000000000000000000000000000000000000000000000000000000000000000000000000000000000000000000000000000000000000000000000000000000000000000000000000000000000000000000000000000000000000000000000\",\"ClientAddressLength\":128,\"ClientName\":\"\\\\192.168.16.151\",\"ClientNameLength\":16,\"ConnectionGUID\":\"506891B9-5DD3-0000-36CE-7050D35DD801\",\"SPN\":\"session setup failed before the SPN could be queried\",\"SPNValidationPolicy\":0,\"SessionGUID\":\"506891B9-5DD3-0000-37CE-7050D35DD801\",\"SessionId\":\"0x1902d9400003d\",\"Status\":\"0xc000006d\",\"TranslatedStatus\":\"0xc000006d\",\"UserName\":\"\",\"UserNameLength\":0}}}})"
"Yara";"SonicWall_IPs";"/mnt/dc3/Windows/System32/winevt/Logs/Microsoft-Windows-SMBServer%4Security.evtx";"$ip_range at offset 2: 192.168.16.151 in ({\"Event\":{\"#attributes\":{\"xmlns\":\"http://schemas.microsoft.com/win/2004/08/events/event\"},\"System\":{\"Channel\":\"Microsoft-Windows-SMBServer/Security\",\"Computer\":\"EWG-GW-DC-01.Erdwaerme.local\",\"Correlation\":null,\"EventID\":551,\"EventRecordID\":445604,\"Execution\":{\"#attributes\":{\"ProcessID\":4,\"ThreadID\":7464}},\"Keywords\":\"0x810000000000008\",\"Level\":2,\"Opcode\":0,\"Provider\":{\"#attributes\":{\"Guid\":\"D48CE617-33A2-4BC3-A5C7-11AA4F29619E\",\"Name\":\"Microsoft-Windows-SMBServer\"}},\"Security\":{\"#attributes\":{\"UserID\":\"S-1-5-18\"}},\"Task\":551,\"TimeCreated\":{\"#attributes\":{\"SystemTime\":\"2022-05-08T17:05:54.970939Z\"}},\"Version\":2},\"UserData\":{\"EventData\":{\"#attributes\":{\"xmlns\":\"Smb2Namespace\"},\"ClientAddress\":\"0200C624C0A8109700000000000000000000FFFFC0A810970000000000000000000000000000000000000000000000000000000000000000000000000000000000000000000000000000000000000000000000000000000000000000000000000000000000000000000000000000000000000000000000000000000000000000\",\"ClientAddressLength\":128,\"ClientName\":\"\\\\192.168.16.151\",\"ClientNameLength\":16,\"ConnectionGUID\":\"506891B9-5DD3-0001-CA49-7250D35DD801\",\"SPN\":\"session setup failed before the SPN could be queried\",\"SPNValidationPolicy\":0,\"SessionGUID\":\"506891B9-5DD3-0001-CB49-7250D35DD801\",\"SessionId\":\"0x1902cd800007d\",\"Status\":\"0xc000006d\",\"TranslatedStatus\":\"0xc000006d\",\"UserName\":\"\",\"UserNameLength\":0}}}})"
"Yara";"SonicWall_IPs";"/mnt/dc3/Windows/System32/winevt/Logs/Microsoft-Windows-SMBServer%4Security.evtx";"$ip_range at offset 2: 192.168.16.151 in ({\"Event\":{\"#attributes\":{\"xmlns\":\"http://schemas.microsoft.com/win/2004/08/events/event\"},\"System\":{\"Channel\":\"Microsoft-Windows-SMBServer/Security\",\"Computer\":\"EWG-GW-DC-01.Erdwaerme.local\",\"Correlation\":null,\"EventID\":551,\"EventRecordID\":445605,\"Execution\":{\"#attributes\":{\"ProcessID\":4,\"ThreadID\":7208}},\"Keywords\":\"0x810000000000008\",\"Level\":2,\"Opcode\":0,\"Provider\":{\"#attributes\":{\"Guid\":\"D48CE617-33A2-4BC3-A5C7-11AA4F29619E\",\"Name\":\"Microsoft-Windows-SMBServer\"}},\"Security\":{\"#attributes\":{\"UserID\":\"S-1-5-18\"}},\"Task\":551,\"TimeCreated\":{\"#attributes\":{\"SystemTime\":\"2022-05-08T17:05:55.693802Z\"}},\"Version\":2},\"UserData\":{\"EventData\":{\"#attributes\":{\"xmlns\":\"Smb2Namespace\"},\"ClientAddress\":\"0200C628C0A8109700000000000000000000FFFFC0A810970000000000000000000000000000000000000000000000000000000000000000000000000000000000000000000000000000000000000000000000000000000000000000000000000000000000000000000000000000000000000000000000000000000000000000\",\"ClientAddressLength\":128,\"ClientName\":\"\\\\192.168.16.151\",\"ClientNameLength\":16,\"ConnectionGUID\":\"506891B9-5DD3-0001-CC49-7250D35DD801\",\"SPN\":\"session setup failed before the SPN could be queried\",\"SPNValidationPolicy\":0,\"SessionGUID\":\"506891B9-5DD3-0001-CD49-7250D35DD801\",\"SessionId\":\"0x1902d90000059\",\"Status\":\"0xc000006d\",\"TranslatedStatus\":\"0xc000006d\",\"UserName\":\"\",\"UserNameLength\":0}}}})"
"Yara";"SonicWall_IPs";"/mnt/dc3/Windows/System32/winevt/Logs/Microsoft-Windows-SMBServer%4Security.evtx";"$ip_range at offset 2: 192.168.16.151 in ({\"Event\":{\"#attributes\":{\"xmlns\":\"http://schemas.microsoft.com/win/2004/08/events/event\"},\"System\":{\"Channel\":\"Microsoft-Windows-SMBServer/Security\",\"Computer\":\"EWG-GW-DC-01.Erdwaerme.local\",\"Correlation\":null,\"EventID\":551,\"EventRecordID\":445606,\"Execution\":{\"#attributes\":{\"ProcessID\":4,\"ThreadID\":7612}},\"Keywords\":\"0x810000000000008\",\"Level\":2,\"Opcode\":0,\"Provider\":{\"#attributes\":{\"Guid\":\"D48CE617-33A2-4BC3-A5C7-11AA4F29619E\",\"Name\":\"Microsoft-Windows-SMBServer\"}},\"Security\":{\"#attributes\":{\"UserID\":\"S-1-5-18\"}},\"Task\":551,\"TimeCreated\":{\"#attributes\":{\"SystemTime\":\"2022-05-08T17:05:56.490884Z\"}},\"Version\":2},\"UserData\":{\"EventData\":{\"#attributes\":{\"xmlns\":\"Smb2Namespace\"},\"ClientAddress\":\"0200C630C0A8109700000000000000000000FFFFC0A810970000000000000000000000000000000000000000000000000000000000000000000000000000000000000000000000000000000000000000000000000000000000000000000000000000000000000000000000000000000000000000000000000000000000000000\",\"ClientAddressLength\":128,\"ClientName\":\"\\\\192.168.16.151\",\"ClientNameLength\":16,\"ConnectionGUID\":\"506891B9-5DD3-0001-CE49-7250D35DD801\",\"SPN\":\"session setup failed before the SPN could be queried\",\"SPNValidationPolicy\":0,\"SessionGUID\":\"506891B9-5DD3-0001-CF49-7250D35DD801\",\"SessionId\":\"0x1902da8000075\",\"Status\":\"0xc000006d\",\"TranslatedStatus\":\"0xc000006d\",\"UserName\":\"\",\"UserNameLength\":0}}}})"
"Yara";"SonicWall_IPs";"/mnt/dc3/Windows/System32/winevt/Logs/Microsoft-Windows-SMBServer%4Security.evtx";"$ip_range at offset 2: 192.168.16.151 in ({\"Event\":{\"#attributes\":{\"xmlns\":\"http://schemas.microsoft.com/win/2004/08/events/event\"},\"System\":{\"Channel\":\"Microsoft-Windows-SMBServer/Security\",\"Computer\":\"EWG-GW-DC-01.Erdwaerme.local\",\"Correlation\":null,\"EventID\":551,\"EventRecordID\":445607,\"Execution\":{\"#attributes\":{\"ProcessID\":4,\"ThreadID\":6288}},\"Keywords\":\"0x810000000000008\",\"Level\":2,\"Opcode\":0,\"Provider\":{\"#attributes\":{\"Guid\":\"D48CE617-33A2-4BC3-A5C7-11AA4F29619E\",\"Name\":\"Microsoft-Windows-SMBServer\"}},\"Security\":{\"#attributes\":{\"UserID\":\"S-1-5-18\"}},\"Task\":551,\"TimeCreated\":{\"#attributes\":{\"SystemTime\":\"2022-05-08T17:05:57.009060Z\"}},\"Version\":2},\"UserData\":{\"EventData\":{\"#attributes\":{\"xmlns\":\"Smb2Namespace\"},\"ClientAddress\":\"0200C63FC0A8109700000000000000000000FFFFC0A810970000000000000000000000000000000000000000000000000000000000000000000000000000000000000000000000000000000000000000000000000000000000000000000000000000000000000000000000000000000000000000000000000000000000000000\",\"ClientAddressLength\":128,\"ClientName\":\"\\\\192.168.16.151\",\"ClientNameLength\":16,\"ConnectionGUID\":\"506891B9-5DD3-0000-38CE-7050D35DD801\",\"SPN\":\"session setup failed before the SPN could be queried\",\"SPNValidationPolicy\":0,\"SessionGUID\":\"506891B9-5DD3-0000-39CE-7050D35DD801\",\"SessionId\":\"0x19023b4000041\",\"Status\":\"0xc000006d\",\"TranslatedStatus\":\"0xc000006d\",\"UserName\":\"\",\"UserNameLength\":0}}}})"
"Yara";"SonicWall_IPs";"/mnt/dc3/Windows/System32/winevt/Logs/Microsoft-Windows-SMBServer%4Security.evtx";"$ip_range at offset 2: 192.168.16.151 in ({\"Event\":{\"#attributes\":{\"xmlns\":\"http://schemas.microsoft.com/win/2004/08/events/event\"},\"System\":{\"Channel\":\"Microsoft-Windows-SMBServer/Security\",\"Computer\":\"EWG-GW-DC-01.Erdwaerme.local\",\"Correlation\":null,\"EventID\":551,\"EventRecordID\":445608,\"Execution\":{\"#attributes\":{\"ProcessID\":4,\"ThreadID\":7612}},\"Keywords\":\"0x810000000000008\",\"Level\":2,\"Opcode\":0,\"Provider\":{\"#attributes\":{\"Guid\":\"D48CE617-33A2-4BC3-A5C7-11AA4F29619E\",\"Name\":\"Microsoft-Windows-SMBServer\"}},\"Security\":{\"#attributes\":{\"UserID\":\"S-1-5-18\"}},\"Task\":551,\"TimeCreated\":{\"#attributes\":{\"SystemTime\":\"2022-05-08T17:05:58.540576Z\"}},\"Version\":2},\"UserData\":{\"EventData\":{\"#attributes\":{\"xmlns\":\"Smb2Namespace\"},\"ClientAddress\":\"0200C64FC0A8109700000000000000000000FFFFC0A810970000000000000000000000000000000000000000000000000000000000000000000000000000000000000000000000000000000000000000000000000000000000000000000000000000000000000000000000000000000000000000000000000000000000000000\",\"ClientAddressLength\":128,\"ClientName\":\"\\\\192.168.16.151\",\"ClientNameLength\":16,\"ConnectionGUID\":\"506891B9-5DD3-0000-3ACE-7050D35DD801\",\"SPN\":\"session setup failed before the SPN could be queried\",\"SPNValidationPolicy\":0,\"SessionGUID\":\"506891B9-5DD3-0001-D049-7250D35DD801\",\"SessionId\":\"0x1902db400000d\",\"Status\":\"0xc000006d\",\"TranslatedStatus\":\"0xc000006d\",\"UserName\":\"\",\"UserNameLength\":0}}}})"
"Yara";"SonicWall_IPs";"/mnt/dc3/Windows/System32/winevt/Logs/Microsoft-Windows-SMBServer%4Security.evtx";"$ip_range at offset 2: 192.168.16.151 in ({\"Event\":{\"#attributes\":{\"xmlns\":\"http://schemas.microsoft.com/win/2004/08/events/event\"},\"System\":{\"Channel\":\"Microsoft-Windows-SMBServer/Security\",\"Computer\":\"EWG-GW-DC-01.Erdwaerme.local\",\"Correlation\":null,\"EventID\":551,\"EventRecordID\":445609,\"Execution\":{\"#attributes\":{\"ProcessID\":4,\"ThreadID\":8676}},\"Keywords\":\"0x810000000000008\",\"Level\":2,\"Opcode\":0,\"Provider\":{\"#attributes\":{\"Guid\":\"D48CE617-33A2-4BC3-A5C7-11AA4F29619E\",\"Name\":\"Microsoft-Windows-SMBServer\"}},\"Security\":{\"#attributes\":{\"UserID\":\"S-1-5-18\"}},\"Task\":551,\"TimeCreated\":{\"#attributes\":{\"SystemTime\":\"2022-05-08T17:06:00.095032Z\"}},\"Version\":2},\"UserData\":{\"EventData\":{\"#attributes\":{\"xmlns\":\"Smb2Namespace\"},\"ClientAddress\":\"0200C65EC0A8109700000000000000000000FFFFC0A810970000000000000000000000000000000000000000000000000000000000000000000000000000000000000000000000000000000000000000000000000000000000000000000000000000000000000000000000000000000000000000000000000000000000000000\",\"ClientAddressLength\":128,\"ClientName\":\"\\\\192.168.16.151\",\"ClientNameLength\":16,\"ConnectionGUID\":\"506891B9-5DD3-0000-3BCE-7050D35DD801\",\"SPN\":\"session setup failed before the SPN could be queried\",\"SPNValidationPolicy\":0,\"SessionGUID\":\"506891B9-5DD3-0001-D149-7250D35DD801\",\"SessionId\":\"0x1902db0000071\",\"Status\":\"0xc000006d\",\"TranslatedStatus\":\"0xc000006d\",\"UserName\":\"\",\"UserNameLength\":0}}}})"
"Yara";"SonicWall_IPs";"/mnt/dc3/Windows/System32/winevt/Logs/Microsoft-Windows-SMBServer%4Security.evtx";"$ip_range at offset 2: 192.168.16.151 in ({\"Event\":{\"#attributes\":{\"xmlns\":\"http://schemas.microsoft.com/win/2004/08/events/event\"},\"System\":{\"Channel\":\"Microsoft-Windows-SMBServer/Security\",\"Computer\":\"EWG-GW-DC-01.Erdwaerme.local\",\"Correlation\":null,\"EventID\":551,\"EventRecordID\":445610,\"Execution\":{\"#attributes\":{\"ProcessID\":4,\"ThreadID\":7208}},\"Keywords\":\"0x810000000000008\",\"Level\":2,\"Opcode\":0,\"Provider\":{\"#attributes\":{\"Guid\":\"D48CE617-33A2-4BC3-A5C7-11AA4F29619E\",\"Name\":\"Microsoft-Windows-SMBServer\"}},\"Security\":{\"#attributes\":{\"UserID\":\"S-1-5-18\"}},\"Task\":551,\"TimeCreated\":{\"#attributes\":{\"SystemTime\":\"2022-05-08T17:06:05.438998Z\"}},\"Version\":2},\"UserData\":{\"EventData\":{\"#attributes\":{\"xmlns\":\"Smb2Namespace\"},\"ClientAddress\":\"0200C683C0A8109700000000000000000000FFFFC0A810970000000000000000000000000000000000000000000000000000000000000000000000000000000000000000000000000000000000000000000000000000000000000000000000000000000000000000000000000000000000000000000000000000000000000000\",\"ClientAddressLength\":128,\"ClientName\":\"\\\\192.168.16.151\",\"ClientNameLength\":16,\"ConnectionGUID\":\"506891B9-5DD3-0001-D249-7250D35DD801\",\"SPN\":\"session setup failed before the SPN could be queried\",\"SPNValidationPolicy\":0,\"SessionGUID\":\"506891B9-5DD3-0001-D349-7250D35DD801\",\"SessionId\":\"0x1902748000039\",\"Status\":\"0xc000006d\",\"TranslatedStatus\":\"0xc000006d\",\"UserName\":\"\",\"UserNameLength\":0}}}})"
"Yara";"SonicWall_IPs";"/mnt/dc3/Windows/System32/winevt/Logs/Microsoft-Windows-SMBServer%4Security.evtx";"$ip_range at offset 2: 192.168.16.151 in ({\"Event\":{\"#attributes\":{\"xmlns\":\"http://schemas.microsoft.com/win/2004/08/events/event\"},\"System\":{\"Channel\":\"Microsoft-Windows-SMBServer/Security\",\"Computer\":\"EWG-GW-DC-01.Erdwaerme.local\",\"Correlation\":null,\"EventID\":551,\"EventRecordID\":445611,\"Execution\":{\"#attributes\":{\"ProcessID\":4,\"ThreadID\":7464}},\"Keywords\":\"0x810000000000008\",\"Level\":2,\"Opcode\":0,\"Provider\":{\"#attributes\":{\"Guid\":\"D48CE617-33A2-4BC3-A5C7-11AA4F29619E\",\"Name\":\"Microsoft-Windows-SMBServer\"}},\"Security\":{\"#attributes\":{\"UserID\":\"S-1-5-18\"}},\"Task\":551,\"TimeCreated\":{\"#attributes\":{\"SystemTime\":\"2022-05-08T17:06:06.730916Z\"}},\"Version\":2},\"UserData\":{\"EventData\":{\"#attributes\":{\"xmlns\":\"Smb2Namespace\"},\"ClientAddress\":\"0200C689C0A8109700000000000000000000FFFFC0A810970000000000000000000000000000000000000000000000000000000000000000000000000000000000000000000000000000000000000000000000000000000000000000000000000000000000000000000000000000000000000000000000000000000000000000\",\"ClientAddressLength\":128,\"ClientName\":\"\\\\192.168.16.151\",\"ClientNameLength\":16,\"ConnectionGUID\":\"506891B9-5DD3-0001-D749-7250D35DD801\",\"SPN\":\"session setup failed before the SPN could be queried\",\"SPNValidationPolicy\":0,\"SessionGUID\":\"506891B9-5DD3-0001-D849-7250D35DD801\",\"SessionId\":\"0x1902da0000021\",\"Status\":\"0xc000006d\",\"TranslatedStatus\":\"0xc000006d\",\"UserName\":\"\",\"UserNameLength\":0}}}})"
"Yara";"SonicWall_IPs";"/mnt/dc3/Windows/System32/winevt/Logs/Microsoft-Windows-SMBServer%4Security.evtx";"$ip_range at offset 2: 192.168.16.151 in ({\"Event\":{\"#attributes\":{\"xmlns\":\"http://schemas.microsoft.com/win/2004/08/events/event\"},\"System\":{\"Channel\":\"Microsoft-Windows-SMBServer/Security\",\"Computer\":\"EWG-GW-DC-01.Erdwaerme.local\",\"Correlation\":null,\"EventID\":551,\"EventRecordID\":445612,\"Execution\":{\"#attributes\":{\"ProcessID\":4,\"ThreadID\":8676}},\"Keywords\":\"0x810000000000008\",\"Level\":2,\"Opcode\":0,\"Provider\":{\"#attributes\":{\"Guid\":\"D48CE617-33A2-4BC3-A5C7-11AA4F29619E\",\"Name\":\"Microsoft-Windows-SMBServer\"}},\"Security\":{\"#attributes\":{\"UserID\":\"S-1-5-18\"}},\"Task\":551,\"TimeCreated\":{\"#attributes\":{\"SystemTime\":\"2022-05-08T17:06:08.427672Z\"}},\"Version\":2},\"UserData\":{\"EventData\":{\"#attributes\":{\"xmlns\":\"Smb2Namespace\"},\"ClientAddress\":\"0200C690C0A8109700000000000000000000FFFFC0A810970000000000000000000000000000000000000000000000000000000000000000000000000000000000000000000000000000000000000000000000000000000000000000000000000000000000000000000000000000000000000000000000000000000000000000\",\"ClientAddressLength\":128,\"ClientName\":\"\\\\192.168.16.151\",\"ClientNameLength\":16,\"ConnectionGUID\":\"506891B9-5DD3-0001-D949-7250D35DD801\",\"SPN\":\"session setup failed before the SPN could be queried\",\"SPNValidationPolicy\":0,\"SessionGUID\":\"506891B9-5DD3-0001-DA49-7250D35DD801\",\"SessionId\":\"0x1902da4000069\",\"Status\":\"0xc000006d\",\"TranslatedStatus\":\"0xc000006d\",\"UserName\":\"\",\"UserNameLength\":0}}}})"
"Yara";"SonicWall_IPs";"/mnt/dc3/Windows/System32/winevt/Logs/Microsoft-Windows-SMBServer%4Security.evtx";"$ip_range at offset 2: 192.168.16.151 in ({\"Event\":{\"#attributes\":{\"xmlns\":\"http://schemas.microsoft.com/win/2004/08/events/event\"},\"System\":{\"Channel\":\"Microsoft-Windows-SMBServer/Security\",\"Computer\":\"EWG-GW-DC-01.Erdwaerme.local\",\"Correlation\":null,\"EventID\":551,\"EventRecordID\":445613,\"Execution\":{\"#attributes\":{\"ProcessID\":4,\"ThreadID\":7612}},\"Keywords\":\"0x810000000000008\",\"Level\":2,\"Opcode\":0,\"Provider\":{\"#attributes\":{\"Guid\":\"D48CE617-33A2-4BC3-A5C7-11AA4F29619E\",\"Name\":\"Microsoft-Windows-SMBServer\"}},\"Security\":{\"#attributes\":{\"UserID\":\"S-1-5-18\"}},\"Task\":551,\"TimeCreated\":{\"#attributes\":{\"SystemTime\":\"2022-05-08T17:06:08.986201Z\"}},\"Version\":2},\"UserData\":{\"EventData\":{\"#attributes\":{\"xmlns\":\"Smb2Namespace\"},\"ClientAddress\":\"0200C691C0A8109700000000000000000000FFFFC0A810970000000000000000000000000000000000000000000000000000000000000000000000000000000000000000000000000000000000000000000000000000000000000000000000000000000000000000000000000000000000000000000000000000000000000000\",\"ClientAddressLength\":128,\"ClientName\":\"\\\\192.168.16.151\",\"ClientNameLength\":16,\"ConnectionGUID\":\"506891B9-5DD3-0001-DB49-7250D35DD801\",\"SPN\":\"session setup failed before the SPN could be queried\",\"SPNValidationPolicy\":0,\"SessionGUID\":\"506891B9-5DD3-0000-40CE-7050D35DD801\",\"SessionId\":\"0x1902db400001d\",\"Status\":\"0xc000006d\",\"TranslatedStatus\":\"0xc000006d\",\"UserName\":\"\",\"UserNameLength\":0}}}})"
"Yara";"SonicWall_IPs";"/mnt/dc3/Windows/System32/winevt/Logs/Microsoft-Windows-SMBServer%4Security.evtx";"$ip_range at offset 2: 192.168.16.151 in ({\"Event\":{\"#attributes\":{\"xmlns\":\"http://schemas.microsoft.com/win/2004/08/events/event\"},\"System\":{\"Channel\":\"Microsoft-Windows-SMBServer/Security\",\"Computer\":\"EWG-GW-DC-01.Erdwaerme.local\",\"Correlation\":null,\"EventID\":551,\"EventRecordID\":445614,\"Execution\":{\"#attributes\":{\"ProcessID\":4,\"ThreadID\":8676}},\"Keywords\":\"0x810000000000008\",\"Level\":2,\"Opcode\":0,\"Provider\":{\"#attributes\":{\"Guid\":\"D48CE617-33A2-4BC3-A5C7-11AA4F29619E\",\"Name\":\"Microsoft-Windows-SMBServer\"}},\"Security\":{\"#attributes\":{\"UserID\":\"S-1-5-18\"}},\"Task\":551,\"TimeCreated\":{\"#attributes\":{\"SystemTime\":\"2022-05-08T17:06:09.769139Z\"}},\"Version\":2},\"UserData\":{\"EventData\":{\"#attributes\":{\"xmlns\":\"Smb2Namespace\"},\"ClientAddress\":\"0200C6A0C0A8109700000000000000000000FFFFC0A810970000000000000000000000000000000000000000000000000000000000000000000000000000000000000000000000000000000000000000000000000000000000000000000000000000000000000000000000000000000000000000000000000000000000000000\",\"ClientAddressLength\":128,\"ClientName\":\"\\\\192.168.16.151\",\"ClientNameLength\":16,\"ConnectionGUID\":\"506891B9-5DD3-0001-DD49-7250D35DD801\",\"SPN\":\"session setup failed before the SPN could be queried\",\"SPNValidationPolicy\":0,\"SessionGUID\":\"506891B9-5DD3-0001-DE49-7250D35DD801\",\"SessionId\":\"0x1902dd4000031\",\"Status\":\"0xc000006d\",\"TranslatedStatus\":\"0xc000006d\",\"UserName\":\"\",\"UserNameLength\":0}}}})"
"Yara";"SonicWall_IPs";"/mnt/dc3/Windows/System32/winevt/Logs/Microsoft-Windows-SMBServer%4Security.evtx";"$ip_range at offset 2: 192.168.16.151 in ({\"Event\":{\"#attributes\":{\"xmlns\":\"http://schemas.microsoft.com/win/2004/08/events/event\"},\"System\":{\"Channel\":\"Microsoft-Windows-SMBServer/Security\",\"Computer\":\"EWG-GW-DC-01.Erdwaerme.local\",\"Correlation\":null,\"EventID\":551,\"EventRecordID\":445615,\"Execution\":{\"#attributes\":{\"ProcessID\":4,\"ThreadID\":6288}},\"Keywords\":\"0x810000000000008\",\"Level\":2,\"Opcode\":0,\"Provider\":{\"#attributes\":{\"Guid\":\"D48CE617-33A2-4BC3-A5C7-11AA4F29619E\",\"Name\":\"Microsoft-Windows-SMBServer\"}},\"Security\":{\"#attributes\":{\"UserID\":\"S-1-5-18\"}},\"Task\":551,\"TimeCreated\":{\"#attributes\":{\"SystemTime\":\"2022-05-08T17:06:10.493923Z\"}},\"Version\":2},\"UserData\":{\"EventData\":{\"#attributes\":{\"xmlns\":\"Smb2Namespace\"},\"ClientAddress\":\"0200C6A3C0A8109700000000000000000000FFFFC0A810970000000000000000000000000000000000000000000000000000000000000000000000000000000000000000000000000000000000000000000000000000000000000000000000000000000000000000000000000000000000000000000000000000000000000000\",\"ClientAddressLength\":128,\"ClientName\":\"\\\\192.168.16.151\",\"ClientNameLength\":16,\"ConnectionGUID\":\"506891B9-5DD3-0001-DF49-7250D35DD801\",\"SPN\":\"session setup failed before the SPN could be queried\",\"SPNValidationPolicy\":0,\"SessionGUID\":\"506891B9-5DD3-0001-E049-7250D35DD801\",\"SessionId\":\"0x1902cb4000011\",\"Status\":\"0xc000006d\",\"TranslatedStatus\":\"0xc000006d\",\"UserName\":\"\",\"UserNameLength\":0}}}})"
"Yara";"SonicWall_IPs";"/mnt/dc3/Windows/System32/winevt/Logs/Microsoft-Windows-SMBServer%4Security.evtx";"$ip_range at offset 2: 192.168.16.151 in ({\"Event\":{\"#attributes\":{\"xmlns\":\"http://schemas.microsoft.com/win/2004/08/events/event\"},\"System\":{\"Channel\":\"Microsoft-Windows-SMBServer/Security\",\"Computer\":\"EWG-GW-DC-01.Erdwaerme.local\",\"Correlation\":null,\"EventID\":551,\"EventRecordID\":445616,\"Execution\":{\"#attributes\":{\"ProcessID\":4,\"ThreadID\":7612}},\"Keywords\":\"0x810000000000008\",\"Level\":2,\"Opcode\":0,\"Provider\":{\"#attributes\":{\"Guid\":\"D48CE617-33A2-4BC3-A5C7-11AA4F29619E\",\"Name\":\"Microsoft-Windows-SMBServer\"}},\"Security\":{\"#attributes\":{\"UserID\":\"S-1-5-18\"}},\"Task\":551,\"TimeCreated\":{\"#attributes\":{\"SystemTime\":\"2022-05-08T17:06:11.117476Z\"}},\"Version\":2},\"UserData\":{\"EventData\":{\"#attributes\":{\"xmlns\":\"Smb2Namespace\"},\"ClientAddress\":\"0200C6A5C0A8109700000000000000000000FFFFC0A810970000000000000000000000000000000000000000000000000000000000000000000000000000000000000000000000000000000000000000000000000000000000000000000000000000000000000000000000000000000000000000000000000000000000000000\",\"ClientAddressLength\":128,\"ClientName\":\"\\\\192.168.16.151\",\"ClientNameLength\":16,\"ConnectionGUID\":\"506891B9-5DD3-0001-E149-7250D35DD801\",\"SPN\":\"session setup failed before the SPN could be queried\",\"SPNValidationPolicy\":0,\"SessionGUID\":\"506891B9-5DD3-0000-42CE-7050D35DD801\",\"SessionId\":\"0x1902ddc00005d\",\"Status\":\"0xc000006d\",\"TranslatedStatus\":\"0xc000006d\",\"UserName\":\"\",\"UserNameLength\":0}}}})"
"Yara";"SonicWall_IPs";"/mnt/dc3/Windows/System32/winevt/Logs/Microsoft-Windows-SMBServer%4Security.evtx";"$ip_range at offset 2: 192.168.16.151 in ({\"Event\":{\"#attributes\":{\"xmlns\":\"http://schemas.microsoft.com/win/2004/08/events/event\"},\"System\":{\"Channel\":\"Microsoft-Windows-SMBServer/Security\",\"Computer\":\"EWG-GW-DC-01.Erdwaerme.local\",\"Correlation\":null,\"EventID\":551,\"EventRecordID\":445617,\"Execution\":{\"#attributes\":{\"ProcessID\":4,\"ThreadID\":6288}},\"Keywords\":\"0x810000000000008\",\"Level\":2,\"Opcode\":0,\"Provider\":{\"#attributes\":{\"Guid\":\"D48CE617-33A2-4BC3-A5C7-11AA4F29619E\",\"Name\":\"Microsoft-Windows-SMBServer\"}},\"Security\":{\"#attributes\":{\"UserID\":\"S-1-5-18\"}},\"Task\":551,\"TimeCreated\":{\"#attributes\":{\"SystemTime\":\"2022-05-08T17:06:11.761870Z\"}},\"Version\":2},\"UserData\":{\"EventData\":{\"#attributes\":{\"xmlns\":\"Smb2Namespace\"},\"ClientAddress\":\"0200C6A8C0A8109700000000000000000000FFFFC0A810970000000000000000000000000000000000000000000000000000000000000000000000000000000000000000000000000000000000000000000000000000000000000000000000000000000000000000000000000000000000000000000000000000000000000000\",\"ClientAddressLength\":128,\"ClientName\":\"\\\\192.168.16.151\",\"ClientNameLength\":16,\"ConnectionGUID\":\"506891B9-5DD3-0001-E249-7250D35DD801\",\"SPN\":\"session setup failed before the SPN could be queried\",\"SPNValidationPolicy\":0,\"SessionGUID\":\"506891B9-5DD3-0001-E349-7250D35DD801\",\"SessionId\":\"0x1902db4000065\",\"Status\":\"0xc000006d\",\"TranslatedStatus\":\"0xc000006d\",\"UserName\":\"\",\"UserNameLength\":0}}}})"
"Yara";"SonicWall_IPs";"/mnt/dc3/Windows/System32/winevt/Logs/Microsoft-Windows-SMBServer%4Security.evtx";"$ip_range at offset 2: 192.168.16.151 in ({\"Event\":{\"#attributes\":{\"xmlns\":\"http://schemas.microsoft.com/win/2004/08/events/event\"},\"System\":{\"Channel\":\"Microsoft-Windows-SMBServer/Security\",\"Computer\":\"EWG-GW-DC-01.Erdwaerme.local\",\"Correlation\":null,\"EventID\":551,\"EventRecordID\":445618,\"Execution\":{\"#attributes\":{\"ProcessID\":4,\"ThreadID\":7612}},\"Keywords\":\"0x810000000000008\",\"Level\":2,\"Opcode\":0,\"Provider\":{\"#attributes\":{\"Guid\":\"D48CE617-33A2-4BC3-A5C7-11AA4F29619E\",\"Name\":\"Microsoft-Windows-SMBServer\"}},\"Security\":{\"#attributes\":{\"UserID\":\"S-1-5-18\"}},\"Task\":551,\"TimeCreated\":{\"#attributes\":{\"SystemTime\":\"2022-05-08T17:06:12.716464Z\"}},\"Version\":2},\"UserData\":{\"EventData\":{\"#attributes\":{\"xmlns\":\"Smb2Namespace\"},\"ClientAddress\":\"0200C6ABC0A8109700000000000000000000FFFFC0A810970000000000000000000000000000000000000000000000000000000000000000000000000000000000000000000000000000000000000000000000000000000000000000000000000000000000000000000000000000000000000000000000000000000000000000\",\"ClientAddressLength\":128,\"ClientName\":\"\\\\192.168.16.151\",\"ClientNameLength\":16,\"ConnectionGUID\":\"506891B9-5DD3-0001-E449-7250D35DD801\",\"SPN\":\"session setup failed before the SPN could be queried\",\"SPNValidationPolicy\":0,\"SessionGUID\":\"506891B9-5DD3-0000-46CE-7050D35DD801\",\"SessionId\":\"0x190240c000055\",\"Status\":\"0xc000006d\",\"TranslatedStatus\":\"0xc000006d\",\"UserName\":\"\",\"UserNameLength\":0}}}})"
"Yara";"SonicWall_IPs";"/mnt/dc3/Windows/System32/winevt/Logs/Microsoft-Windows-SMBServer%4Security.evtx";"$ip_range at offset 2: 192.168.16.151 in ({\"Event\":{\"#attributes\":{\"xmlns\":\"http://schemas.microsoft.com/win/2004/08/events/event\"},\"System\":{\"Channel\":\"Microsoft-Windows-SMBServer/Security\",\"Computer\":\"EWG-GW-DC-01.Erdwaerme.local\",\"Correlation\":null,\"EventID\":551,\"EventRecordID\":445619,\"Execution\":{\"#attributes\":{\"ProcessID\":4,\"ThreadID\":8676}},\"Keywords\":\"0x810000000000008\",\"Level\":2,\"Opcode\":0,\"Provider\":{\"#attributes\":{\"Guid\":\"D48CE617-33A2-4BC3-A5C7-11AA4F29619E\",\"Name\":\"Microsoft-Windows-SMBServer\"}},\"Security\":{\"#attributes\":{\"UserID\":\"S-1-5-18\"}},\"Task\":551,\"TimeCreated\":{\"#attributes\":{\"SystemTime\":\"2022-05-08T17:06:13.445888Z\"}},\"Version\":2},\"UserData\":{\"EventData\":{\"#attributes\":{\"xmlns\":\"Smb2Namespace\"},\"ClientAddress\":\"0200C6ADC0A8109700000000000000000000FFFFC0A810970000000000000000000000000000000000000000000000000000000000000000000000000000000000000000000000000000000000000000000000000000000000000000000000000000000000000000000000000000000000000000000000000000000000000000\",\"ClientAddressLength\":128,\"ClientName\":\"\\\\192.168.16.151\",\"ClientNameLength\":16,\"ConnectionGUID\":\"506891B9-5DD3-0001-EC49-7250D35DD801\",\"SPN\":\"session setup failed before the SPN could be queried\",\"SPNValidationPolicy\":0,\"SessionGUID\":\"506891B9-5DD3-0000-47CE-7050D35DD801\",\"SessionId\":\"0x1902dd4000079\",\"Status\":\"0xc000006d\",\"TranslatedStatus\":\"0xc000006d\",\"UserName\":\"\",\"UserNameLength\":0}}}})"
"Yara";"SonicWall_IPs";"/mnt/dc3/Windows/System32/winevt/Logs/Microsoft-Windows-SMBServer%4Security.evtx";"$ip_range at offset 2: 192.168.16.151 in ({\"Event\":{\"#attributes\":{\"xmlns\":\"http://schemas.microsoft.com/win/2004/08/events/event\"},\"System\":{\"Channel\":\"Microsoft-Windows-SMBServer/Security\",\"Computer\":\"EWG-GW-DC-01.Erdwaerme.local\",\"Correlation\":null,\"EventID\":551,\"EventRecordID\":445620,\"Execution\":{\"#attributes\":{\"ProcessID\":4,\"ThreadID\":7208}},\"Keywords\":\"0x810000000000008\",\"Level\":2,\"Opcode\":0,\"Provider\":{\"#attributes\":{\"Guid\":\"D48CE617-33A2-4BC3-A5C7-11AA4F29619E\",\"Name\":\"Microsoft-Windows-SMBServer\"}},\"Security\":{\"#attributes\":{\"UserID\":\"S-1-5-18\"}},\"Task\":551,\"TimeCreated\":{\"#attributes\":{\"SystemTime\":\"2022-05-08T17:06:14.095047Z\"}},\"Version\":2},\"UserData\":{\"EventData\":{\"#attributes\":{\"xmlns\":\"Smb2Namespace\"},\"ClientAddress\":\"0200C6B4C0A8109700000000000000000000FFFFC0A810970000000000000000000000000000000000000000000000000000000000000000000000000000000000000000000000000000000000000000000000000000000000000000000000000000000000000000000000000000000000000000000000000000000000000000\",\"ClientAddressLength\":128,\"ClientName\":\"\\\\192.168.16.151\",\"ClientNameLength\":16,\"ConnectionGUID\":\"506891B9-5DD3-0001-F349-7250D35DD801\",\"SPN\":\"session setup failed before the SPN could be queried\",\"SPNValidationPolicy\":0,\"SessionGUID\":\"506891B9-5DD3-0000-4CCE-7050D35DD801\",\"SessionId\":\"0x1902db0000029\",\"Status\":\"0xc000006d\",\"TranslatedStatus\":\"0xc000006d\",\"UserName\":\"\",\"UserNameLength\":0}}}})"
"Yara";"SonicWall_IPs";"/mnt/dc3/Windows/System32/winevt/Logs/Microsoft-Windows-SMBServer%4Security.evtx";"$ip_range at offset 2: 192.168.16.151 in ({\"Event\":{\"#attributes\":{\"xmlns\":\"http://schemas.microsoft.com/win/2004/08/events/event\"},\"System\":{\"Channel\":\"Microsoft-Windows-SMBServer/Security\",\"Computer\":\"EWG-GW-DC-01.Erdwaerme.local\",\"Correlation\":null,\"EventID\":551,\"EventRecordID\":445621,\"Execution\":{\"#attributes\":{\"ProcessID\":4,\"ThreadID\":7464}},\"Keywords\":\"0x810000000000008\",\"Level\":2,\"Opcode\":0,\"Provider\":{\"#attributes\":{\"Guid\":\"D48CE617-33A2-4BC3-A5C7-11AA4F29619E\",\"Name\":\"Microsoft-Windows-SMBServer\"}},\"Security\":{\"#attributes\":{\"UserID\":\"S-1-5-18\"}},\"Task\":551,\"TimeCreated\":{\"#attributes\":{\"SystemTime\":\"2022-05-08T17:06:14.904557Z\"}},\"Version\":2},\"UserData\":{\"EventData\":{\"#attributes\":{\"xmlns\":\"Smb2Namespace\"},\"ClientAddress\":\"0200C6B9C0A8109700000000000000000000FFFFC0A810970000000000000000000000000000000000000000000000000000000000000000000000000000000000000000000000000000000000000000000000000000000000000000000000000000000000000000000000000000000000000000000000000000000000000000\",\"ClientAddressLength\":128,\"ClientName\":\"\\\\192.168.16.151\",\"ClientNameLength\":16,\"ConnectionGUID\":\"506891B9-5DD3-0001-F449-7250D35DD801\",\"SPN\":\"session setup failed before the SPN could be queried\",\"SPNValidationPolicy\":0,\"SessionGUID\":\"506891B9-5DD3-0001-F549-7250D35DD801\",\"SessionId\":\"0x1902bc0000025\",\"Status\":\"0xc000006d\",\"TranslatedStatus\":\"0xc000006d\",\"UserName\":\"\",\"UserNameLength\":0}}}})"
"Yara";"SonicWall_IPs";"/mnt/dc3/Windows/System32/winevt/Logs/Microsoft-Windows-SMBServer%4Security.evtx";"$ip_range at offset 2: 192.168.16.151 in ({\"Event\":{\"#attributes\":{\"xmlns\":\"http://schemas.microsoft.com/win/2004/08/events/event\"},\"System\":{\"Channel\":\"Microsoft-Windows-SMBServer/Security\",\"Computer\":\"EWG-GW-DC-01.Erdwaerme.local\",\"Correlation\":null,\"EventID\":551,\"EventRecordID\":445622,\"Execution\":{\"#attributes\":{\"ProcessID\":4,\"ThreadID\":7612}},\"Keywords\":\"0x810000000000008\",\"Level\":2,\"Opcode\":0,\"Provider\":{\"#attributes\":{\"Guid\":\"D48CE617-33A2-4BC3-A5C7-11AA4F29619E\",\"Name\":\"Microsoft-Windows-SMBServer\"}},\"Security\":{\"#attributes\":{\"UserID\":\"S-1-5-18\"}},\"Task\":551,\"TimeCreated\":{\"#attributes\":{\"SystemTime\":\"2022-05-08T17:06:15.485008Z\"}},\"Version\":2},\"UserData\":{\"EventData\":{\"#attributes\":{\"xmlns\":\"Smb2Namespace\"},\"ClientAddress\":\"0200C6BDC0A8109700000000000000000000FFFFC0A810970000000000000000000000000000000000000000000000000000000000000000000000000000000000000000000000000000000000000000000000000000000000000000000000000000000000000000000000000000000000000000000000000000000000000000\",\"ClientAddressLength\":128,\"ClientName\":\"\\\\192.168.16.151\",\"ClientNameLength\":16,\"ConnectionGUID\":\"506891B9-5DD3-0001-F649-7250D35DD801\",\"SPN\":\"session setup failed before the SPN could be queried\",\"SPNValidationPolicy\":0,\"SessionGUID\":\"506891B9-5DD3-0001-F749-7250D35DD801\",\"SessionId\":\"0x19028f8000049\",\"Status\":\"0xc000006d\",\"TranslatedStatus\":\"0xc000006d\",\"UserName\":\"\",\"UserNameLength\":0}}}})"
"Yara";"SonicWall_IPs";"/mnt/dc3/Windows/System32/winevt/Logs/Microsoft-Windows-SMBServer%4Security.evtx";"$ip_range at offset 2: 192.168.16.151 in ({\"Event\":{\"#attributes\":{\"xmlns\":\"http://schemas.microsoft.com/win/2004/08/events/event\"},\"System\":{\"Channel\":\"Microsoft-Windows-SMBServer/Security\",\"Computer\":\"EWG-GW-DC-01.Erdwaerme.local\",\"Correlation\":null,\"EventID\":551,\"EventRecordID\":445623,\"Execution\":{\"#attributes\":{\"ProcessID\":4,\"ThreadID\":6288}},\"Keywords\":\"0x810000000000008\",\"Level\":2,\"Opcode\":0,\"Provider\":{\"#attributes\":{\"Guid\":\"D48CE617-33A2-4BC3-A5C7-11AA4F29619E\",\"Name\":\"Microsoft-Windows-SMBServer\"}},\"Security\":{\"#attributes\":{\"UserID\":\"S-1-5-18\"}},\"Task\":551,\"TimeCreated\":{\"#attributes\":{\"SystemTime\":\"2022-05-08T17:06:16.340329Z\"}},\"Version\":2},\"UserData\":{\"EventData\":{\"#attributes\":{\"xmlns\":\"Smb2Namespace\"},\"ClientAddress\":\"0200C6BFC0A8109700000000000000000000FFFFC0A810970000000000000000000000000000000000000000000000000000000000000000000000000000000000000000000000000000000000000000000000000000000000000000000000000000000000000000000000000000000000000000000000000000000000000000\",\"ClientAddressLength\":128,\"ClientName\":\"\\\\192.168.16.151\",\"ClientNameLength\":16,\"ConnectionGUID\":\"506891B9-5DD3-0000-4DCE-7050D35DD801\",\"SPN\":\"session setup failed before the SPN could be queried\",\"SPNValidationPolicy\":0,\"SessionGUID\":\"506891B9-5DD3-0001-004A-7250D35DD801\",\"SessionId\":\"0x1902db8000051\",\"Status\":\"0xc000006d\",\"TranslatedStatus\":\"0xc000006d\",\"UserName\":\"\",\"UserNameLength\":0}}}})"
"Yara";"SonicWall_IPs";"/mnt/dc3/Windows/System32/winevt/Logs/Microsoft-Windows-SMBServer%4Security.evtx";"$ip_range at offset 2: 192.168.16.151 in ({\"Event\":{\"#attributes\":{\"xmlns\":\"http://schemas.microsoft.com/win/2004/08/events/event\"},\"System\":{\"Channel\":\"Microsoft-Windows-SMBServer/Security\",\"Computer\":\"EWG-GW-DC-01.Erdwaerme.local\",\"Correlation\":null,\"EventID\":551,\"EventRecordID\":445624,\"Execution\":{\"#attributes\":{\"ProcessID\":4,\"ThreadID\":8676}},\"Keywords\":\"0x810000000000008\",\"Level\":2,\"Opcode\":0,\"Provider\":{\"#attributes\":{\"Guid\":\"D48CE617-33A2-4BC3-A5C7-11AA4F29619E\",\"Name\":\"Microsoft-Windows-SMBServer\"}},\"Security\":{\"#attributes\":{\"UserID\":\"S-1-5-18\"}},\"Task\":551,\"TimeCreated\":{\"#attributes\":{\"SystemTime\":\"2022-05-08T17:06:17.932676Z\"}},\"Version\":2},\"UserData\":{\"EventData\":{\"#attributes\":{\"xmlns\":\"Smb2Namespace\"},\"ClientAddress\":\"0200C6C3C0A8109700000000000000000000FFFFC0A810970000000000000000000000000000000000000000000000000000000000000000000000000000000000000000000000000000000000000000000000000000000000000000000000000000000000000000000000000000000000000000000000000000000000000000\",\"ClientAddressLength\":128,\"ClientName\":\"\\\\192.168.16.151\",\"ClientNameLength\":16,\"ConnectionGUID\":\"506891B9-5DD3-0000-52CE-7050D35DD801\",\"SPN\":\"session setup failed before the SPN could be queried\",\"SPNValidationPolicy\":0,\"SessionGUID\":\"506891B9-5DD3-0001-014A-7250D35DD801\",\"SessionId\":\"0x1902dc800002d\",\"Status\":\"0xc000006d\",\"TranslatedStatus\":\"0xc000006d\",\"UserName\":\"\",\"UserNameLength\":0}}}})"
"Yara";"SonicWall_IPs";"/mnt/dc3/Windows/System32/winevt/Logs/Microsoft-Windows-SMBServer%4Security.evtx";"$ip_range at offset 2: 192.168.16.151 in ({\"Event\":{\"#attributes\":{\"xmlns\":\"http://schemas.microsoft.com/win/2004/08/events/event\"},\"System\":{\"Channel\":\"Microsoft-Windows-SMBServer/Security\",\"Computer\":\"EWG-GW-DC-01.Erdwaerme.local\",\"Correlation\":null,\"EventID\":551,\"EventRecordID\":445625,\"Execution\":{\"#attributes\":{\"ProcessID\":4,\"ThreadID\":8676}},\"Keywords\":\"0x810000000000008\",\"Level\":2,\"Opcode\":0,\"Provider\":{\"#attributes\":{\"Guid\":\"D48CE617-33A2-4BC3-A5C7-11AA4F29619E\",\"Name\":\"Microsoft-Windows-SMBServer\"}},\"Security\":{\"#attributes\":{\"UserID\":\"S-1-5-18\"}},\"Task\":551,\"TimeCreated\":{\"#attributes\":{\"SystemTime\":\"2022-05-08T17:06:19.159702Z\"}},\"Version\":2},\"UserData\":{\"EventData\":{\"#attributes\":{\"xmlns\":\"Smb2Namespace\"},\"ClientAddress\":\"0200C6D0C0A8109700000000000000000000FFFFC0A810970000000000000000000000000000000000000000000000000000000000000000000000000000000000000000000000000000000000000000000000000000000000000000000000000000000000000000000000000000000000000000000000000000000000000000\",\"ClientAddressLength\":128,\"ClientName\":\"\\\\192.168.16.151\",\"ClientNameLength\":16,\"ConnectionGUID\":\"506891B9-5DD3-0000-53CE-7050D35DD801\",\"SPN\":\"session setup failed before the SPN could be queried\",\"SPNValidationPolicy\":0,\"SessionGUID\":\"506891B9-5DD3-0000-54CE-7050D35DD801\",\"SessionId\":\"0x1902dbc000005\",\"Status\":\"0xc000006d\",\"TranslatedStatus\":\"0xc000006d\",\"UserName\":\"\",\"UserNameLength\":0}}}})"
"Yara";"SonicWall_IPs";"/mnt/dc3/Windows/System32/winevt/Logs/Microsoft-Windows-SMBServer%4Security.evtx";"$ip_range at offset 2: 192.168.16.151 in ({\"Event\":{\"#attributes\":{\"xmlns\":\"http://schemas.microsoft.com/win/2004/08/events/event\"},\"System\":{\"Channel\":\"Microsoft-Windows-SMBServer/Security\",\"Computer\":\"EWG-GW-DC-01.Erdwaerme.local\",\"Correlation\":null,\"EventID\":551,\"EventRecordID\":445626,\"Execution\":{\"#attributes\":{\"ProcessID\":4,\"ThreadID\":7208}},\"Keywords\":\"0x810000000000008\",\"Level\":2,\"Opcode\":0,\"Provider\":{\"#attributes\":{\"Guid\":\"D48CE617-33A2-4BC3-A5C7-11AA4F29619E\",\"Name\":\"Microsoft-Windows-SMBServer\"}},\"Security\":{\"#attributes\":{\"UserID\":\"S-1-5-18\"}},\"Task\":551,\"TimeCreated\":{\"#attributes\":{\"SystemTime\":\"2022-05-08T17:06:19.296676Z\"}},\"Version\":2},\"UserData\":{\"EventData\":{\"#attributes\":{\"xmlns\":\"Smb2Namespace\"},\"ClientAddress\":\"0200C6D1C0A8109700000000000000000000FFFFC0A810970000000000000000000000000000000000000000000000000000000000000000000000000000000000000000000000000000000000000000000000000000000000000000000000000000000000000000000000000000000000000000000000000000000000000000\",\"ClientAddressLength\":128,\"ClientName\":\"\\\\192.168.16.151\",\"ClientNameLength\":16,\"ConnectionGUID\":\"506891B9-5DD3-0001-024A-7250D35DD801\",\"SPN\":\"session setup failed before the SPN could be queried\",\"SPNValidationPolicy\":0,\"SessionGUID\":\"506891B9-5DD3-0001-034A-7250D35DD801\",\"SessionId\":\"0x1902c94000019\",\"Status\":\"0xc000006d\",\"TranslatedStatus\":\"0xc000006d\",\"UserName\":\"\",\"UserNameLength\":0}}}})"
"Yara";"SonicWall_IPs";"/mnt/dc3/Windows/System32/winevt/Logs/Microsoft-Windows-SMBServer%4Security.evtx";"$ip_range at offset 2: 192.168.16.151 in ({\"Event\":{\"#attributes\":{\"xmlns\":\"http://schemas.microsoft.com/win/2004/08/events/event\"},\"System\":{\"Channel\":\"Microsoft-Windows-SMBServer/Security\",\"Computer\":\"EWG-GW-DC-01.Erdwaerme.local\",\"Correlation\":null,\"EventID\":551,\"EventRecordID\":445627,\"Execution\":{\"#attributes\":{\"ProcessID\":4,\"ThreadID\":7612}},\"Keywords\":\"0x810000000000008\",\"Level\":2,\"Opcode\":0,\"Provider\":{\"#attributes\":{\"Guid\":\"D48CE617-33A2-4BC3-A5C7-11AA4F29619E\",\"Name\":\"Microsoft-Windows-SMBServer\"}},\"Security\":{\"#attributes\":{\"UserID\":\"S-1-5-18\"}},\"Task\":551,\"TimeCreated\":{\"#attributes\":{\"SystemTime\":\"2022-05-08T17:06:20.813019Z\"}},\"Version\":2},\"UserData\":{\"EventData\":{\"#attributes\":{\"xmlns\":\"Smb2Namespace\"},\"ClientAddress\":\"0200C6EAC0A8109700000000000000000000FFFFC0A810970000000000000000000000000000000000000000000000000000000000000000000000000000000000000000000000000000000000000000000000000000000000000000000000000000000000000000000000000000000000000000000000000000000000000000\",\"ClientAddressLength\":128,\"ClientName\":\"\\\\192.168.16.151\",\"ClientNameLength\":16,\"ConnectionGUID\":\"506891B9-5DD3-0001-044A-7250D35DD801\",\"SPN\":\"session setup failed before the SPN could be queried\",\"SPNValidationPolicy\":0,\"SessionGUID\":\"506891B9-5DD3-0000-55CE-7050D35DD801\",\"SessionId\":\"0x19023f8000061\",\"Status\":\"0xc000006d\",\"TranslatedStatus\":\"0xc000006d\",\"UserName\":\"\",\"UserNameLength\":0}}}})"
