"Yara";"SonicWall_IPs";"/mnt/dc3/Windows/System32/winevt/Logs/Microsoft-Windows-SMBServer%4Security.evtx";"$ip_range at offset 2: 192.168.16.151 in ({\"Event\":{\"#attributes\":{\"xmlns\":\"http://schemas.microsoft.com/win/2004/08/events/event\"},\"System\":{\"Channel\":\"Microsoft-Windows-SMBServer/Security\",\"Computer\":\"EWG-GW-DC-01.Erdwaerme.local\",\"Correlation\":null,\"EventID\":551,\"EventRecordID\":445568,\"Execution\":{\"#attributes\":{\"ProcessID\":4,\"ThreadID\":7208}},\"Keywords\":\"0x810000000000008\",\"Level\":2,\"Opcode\":0,\"Provider\":{\"#attributes\":{\"Guid\":\"D48CE617-33A2-4BC3-A5C7-11AA4F29619E\",\"Name\":\"Microsoft-Windows-SMBServer\"}},\"Security\":{\"#attributes\":{\"UserID\":\"S-1-5-18\"}},\"Task\":551,\"TimeCreated\":{\"#attributes\":{\"SystemTime\":\"2022-05-08T17:05:25.726966Z\"}},\"Version\":2},\"UserData\":{\"EventData\":{\"#attributes\":{\"xmlns\":\"Smb2Namespace\"},\"ClientAddress\":\"0200C545C0A8109700000000000000000000FFFFC0A810970000000000000000000000000000000000000000000000000000000000000000000000000000000000000000000000000000000000000000000000000000000000000000000000000000000000000000000000000000000000000000000000000000000000000000\",\"ClientAddressLength\":128,\"ClientName\":\"\\\\192.168.16.151\",\"ClientNameLength\":16,\"ConnectionGUID\":\"506891B9-5DD3-0001-8F49-7250D35DD801\",\"SPN\":\"session setup failed before the SPN could be queried\",\"SPNValidationPolicy\":0,\"SessionGUID\":\"506891B9-5DD3-0001-9149-7250D35DD801\",\"SessionId\":\"0x1902dcc000079\",\"Status\":\"0xc000006d\",\"TranslatedStatus\":\"0xc000006d\",\"UserName\":\"\",\"UserNameLength\":0}}}})"
"Yara";"SonicWall_IPs";"/mnt/dc3/Windows/System32/winevt/Logs/Microsoft-Windows-SMBServer%4Security.evtx";"$ip_range at offset 2: 192.168.16.151 in ({\"Event\":{\"#attributes\":{\"xmlns\":\"http://schemas.microsoft.com/win/2004/08/events/event\"},\"System\":{\"Channel\":\"Microsoft-Windows-SMBServer/Security\",\"Computer\":\"EWG-GW-DC-01.Erdwaerme.local\",\"Correlation\":null,\"EventID\":551,\"EventRecordID\":445569,\"Execution\":{\"#attributes\":{\"ProcessID\":4,\"ThreadID\":6288}},\"Keywords\":\"0x810000000000008\",\"Level\":2,\"Opcode\":0,\"Provider\":{\"#attributes\":{\"Guid\":\"D48CE617-33A2-4BC3-A5C7-11AA4F29619E\",\"Name\":\"Microsoft-Windows-SMBServer\"}},\"Security\":{\"#attributes\":{\"UserID\":\"S-1-5-18\"}},\"Task\":551,\"TimeCreated\":{\"#attributes\":{\"SystemTime\":\"2022-05-08T17:05:25.728512Z\"}},\"Version\":2},\"UserData\":{\"EventData\":{\"#attributes\":{\"xmlns\":\"Smb2Namespace\"},\"ClientAddress\":\"0200C546C0A8109700000000000000000000FFFFC0A810970000000000000000000000000000000000000000000000000000000000000000000000000000000000000000000000000000000000000000000000000000000000000000000000000000000000000000000000000000000000000000000000000000000000000000\",\"ClientAddressLength\":128,\"ClientName\":\"\\\\192.168.16.151\",\"ClientNameLength\":16,\"ConnectionGUID\":\"506891B9-5DD3-0001-9049-7250D35DD801\",\"SPN\":\"session setup failed before the SPN could be queried\",\"SPNValidationPolicy\":0,\"SessionGUID\":\"506891B9-5DD3-0000-11CE-7050D35DD801\",\"SessionId\":\"0x1902d7c000035\",\"Status\":\"0xc000006d\",\"TranslatedStatus\":\"0xc000006d\",\"UserName\":\"\",\"UserNameLength\":0}}}})"
"Yara";"SonicWall_IPs";"/mnt/dc3/Windows/System32/winevt/Logs/Microsoft-Windows-SMBServer%4Security.evtx";"$ip_range at offset 2: 192.168.16.151 in ({\"Event\":{\"#attributes\":{\"xmlns\":\"http://schemas.microsoft.com/win/2004/08/events/event\"},\"System\":{\"Channel\":\"Microsoft-Windows-SMBServer/Security\",\"Computer\":\"EWG-GW-DC-01.Erdwaerme.local\",\"Correlation\":null,\"EventID\":551,\"EventRecordID\":445570,\"Execution\":{\"#attributes\":{\"ProcessID\":4,\"ThreadID\":7464}},\"Keywords\":\"0x810000000000008\",\"Level\":2,\"Opcode\":0,\"Provider\":{\"#attributes\":{\"Guid\":\"D48CE617-33A2-4BC3-A5C7-11AA4F29619E\",\"Name\":\"Microsoft-Windows-SMBServer\"}},\"Security\":{\"#attributes\":{\"UserID\":\"S-1-5-18\"}},\"Task\":551,\"TimeCreated\":{\"#attributes\":{\"SystemTime\":\"2022-05-08T17:05:27.338116Z\"}},\"Version\":2},\"UserData\":{\"EventData\":{\"#attributes\":{\"xmlns\":\"Smb2Namespace\"},\"ClientAddress\":\"0200C549C0A8109700000000000000000000FFFFC0A810970000000000000000000000000000000000000000000000000000000000000000000000000000000000000000000000000000000000000000000000000000000000000000000000000000000000000000000000000000000000000000000000000000000000000000\",\"ClientAddressLength\":128,\"ClientName\":\"\\\\192.168.16.151\",\"ClientNameLength\":16,\"ConnectionGUID\":\"506891B9-5DD3-0001-9349-7250D35DD801\",\"SPN\":\"session setup failed before the SPN could be queried\",\"SPNValidationPolicy\":0,\"SessionGUID\":\"506891B9-5DD3-0000-15CE-7050D35DD801\",\"SessionId\":\"0x1902bb8000025\",\"Status\":\"0xc000006d\",\"TranslatedStatus\":\"0xc000006d\",\"UserName\":\"\",\"UserNameLength\":0}}}})"
"Yara";"SonicWall_IPs";"/mnt/dc3/Windows/System32/winevt/Logs/Microsoft-Windows-SMBServer%4Security.evtx";"$ip_range at offset 2: 192.168.16.151 in ({\"Event\":{\"#attributes\":{\"xmlns\":\"http://schemas.microsoft.com/win/2004/08/events/event\"},\"System\":{\"Channel\":\"Microsoft-Windows-SMBServer/Security\",\"Computer\":\"EWG-GW-DC-01.Erdwaerme.local\",\"Correlation\":null,\"EventID\":551,\"EventRecordID\":445571,\"Execution\":{\"#attributes\":{\"ProcessID\":4,\"ThreadID\":6288}},\"Keywords\":\"0x810000000000008\",\"Level\":2,\"Opcode\":0,\"Provider\":{\"#attributes\":{\"Guid\":\"D48CE617-33A2-4BC3-A5C7-11AA4F29619E\",\"Name\":\"Microsoft-Windows-SMBServer\"}},\"Security\":{\"#attributes\":{\"UserID\":\"S-1-5-18\"}},\"Task\":551,\"TimeCreated\":{\"#attributes\":{\"SystemTime\":\"2022-05-08T17:05:27.502430Z\"}},\"Version\":2},\"UserData\":{\"EventData\":{\"#attributes\":{\"xmlns\":\"Smb2Namespace\"},\"ClientAddress\":\"0200C54AC0A8109700000000000000000000FFFFC0A810970000000000000000000000000000000000000000000000000000000000000000000000000000000000000000000000000000000000000000000000000000000000000000000000000000000000000000000000000000000000000000000000000000000000000000\",\"ClientAddressLength\":128,\"ClientName\":\"\\\\192.168.16.151\",\"ClientNameLength\":16,\"ConnectionGUID\":\"506891B9-5DD3-0001-9449-7250D35DD801\",\"SPN\":\"session setup failed before the SPN could be queried\",\"SPNValidationPolicy\":0,\"SessionGUID\":\"506891B9-5DD3-0001-9549-7250D35DD801\",\"SessionId\":\"0x19028f0000049\",\"Status\":\"0xc000006d\",\"TranslatedStatus\":\"0xc000006d\",\"UserName\":\"\",\"UserNameLength\":0}}}})"
"Yara";"SonicWall_IPs";"/mnt/dc3/Windows/System32/winevt/Logs/Microsoft-Windows-SMBServer%4Security.evtx";"$ip_range at offset 2: 192.168.16.151 in ({\"Event\":{\"#attributes\":{\"xmlns\":\"http://schemas.microsoft.com/win/2004/08/events/event\"},\"System\":{\"Channel\":\"Microsoft-Windows-SMBServer/Security\",\"Computer\":\"EWG-GW-DC-01.Erdwaerme.local\",\"Correlation\":null,\"EventID\":551,\"EventRecordID\":445572,\"Execution\":{\"#attributes\":{\"ProcessID\":4,\"ThreadID\":6288}},\"Keywords\":\"0x810000000000008\",\"Level\":2,\"Opcode\":0,\"Provider\":{\"#attributes\":{\"Guid\":\"D48CE617-33A2-4BC3-A5C7-11AA4F29619E\",\"Name\":\"Microsoft-Windows-SMBServer\"}},\"Security\":{\"#attributes\":{\"UserID\":\"S-1-5-18\"}},\"Task\":551,\"TimeCreated\":{\"#attributes\":{\"SystemTime\":\"2022-05-08T17:05:28.964490Z\"}},\"Version\":2},\"UserData\":{\"EventData\":{\"#attributes\":{\"xmlns\":\"Smb2Namespace\"},\"ClientAddress\":\"0200C54CC0A8109700000000000000000000FFFFC0A810970000000000000000000000000000000000000000000000000000000000000000000000000000000000000000000000000000000000000000000000000000000000000000000000000000000000000000000000000000000000000000000000000000000000000000\",\"ClientAddressLength\":128,\"ClientName\":\"\\\\192.168.16.151\",\"ClientNameLength\":16,\"ConnectionGUID\":\"506891B9-5DD3-0001-9649-7250D35DD801\",\"SPN\":\"session setup failed before the SPN could be queried\",\"SPNValidationPolicy\":0,\"SessionGUID\":\"506891B9-5DD3-0001-9849-7250D35DD801\",\"SessionId\":\"0x1902dc400006d\",\"Status\":\"0xc000006d\",\"TranslatedStatus\":\"0xc000006d\",\"UserName\":\"\",\"UserNameLength\":0}}}})"
"Yara";"SonicWall_IPs";"/mnt/dc3/Windows/System32/winevt/Logs/Microsoft-Windows-SMBServer%4Security.evtx";"$ip_range at offset 2: 192.168.16.151 in ({\"Event\":{\"#attributes\":{\"xmlns\":\"http://schemas.microsoft.com/win/2004/08/events/event\"},\"System\":{\"Channel\":\"Microsoft-Windows-SMBServer/Security\",\"Computer\":\"EWG-GW-DC-01.Erdwaerme.local\",\"Correlation\":null,\"EventID\":551,\"EventRecordID\":445573,\"Execution\":{\"#attributes\":{\"ProcessID\":4,\"ThreadID\":7464}},\"Keywords\":\"0x810000000000008\",\"Level\":2,\"Opcode\":0,\"Provider\":{\"#attributes\":{\"Guid\":\"D48CE617-33A2-4BC3-A5C7-11AA4F29619E\",\"Name\":\"Microsoft-Windows-SMBServer\"}},\"Security\":{\"#attributes\":{\"UserID\":\"S-1-5-18\"}},\"Task\":551,\"TimeCreated\":{\"#attributes\":{\"SystemTime\":\"2022-05-08T17:05:29.213730Z\"}},\"Version\":2},\"UserData\":{\"EventData\":{\"#attributes\":{\"xmlns\":\"Smb2Namespace\"},\"ClientAddress\":\"0200C54DC0A8109700000000000000000000FFFFC0A810970000000000000000000000000000000000000000000000000000000000000000000000000000000000000000000000000000000000000000000000000000000000000000000000000000000000000000000000000000000000000000000000000000000000000000\",\"ClientAddressLength\":128,\"ClientName\":\"\\\\192.168.16.151\",\"ClientNameLength\":16,\"ConnectionGUID\":\"506891B9-5DD3-0001-9749-7250D35DD801\",\"SPN\":\"session setup failed before the SPN could be queried\",\"SPNValidationPolicy\":0,\"SessionGUID\":\"506891B9-5DD3-0000-16CE-7050D35DD801\",\"SessionId\":\"0x1902dc000002d\",\"Status\":\"0xc000006d\",\"TranslatedStatus\":\"0xc000006d\",\"UserName\":\"\",\"UserNameLength\":0}}}})"
"Yara";"SonicWall_IPs";"/mnt/dc3/Windows/System32/winevt/Logs/Microsoft-Windows-SMBServer%4Security.evtx";"$ip_range at offset 2: 192.168.16.151 in ({\"Event\":{\"#attributes\":{\"xmlns\":\"http://schemas.microsoft.com/win/2004/08/events/event\"},\"System\":{\"Channel\":\"Microsoft-Windows-SMBServer/Security\",\"Computer\":\"EWG-GW-DC-01.Erdwaerme.local\",\"Correlation\":null,\"EventID\":551,\"EventRecordID\":445574,\"Execution\":{\"#attributes\":{\"ProcessID\":4,\"ThreadID\":7208}},\"Keywords\":\"0x810000000000008\",\"Level\":2,\"Opcode\":0,\"Provider\":{\"#attributes\":{\"Guid\":\"D48CE617-33A2-4BC3-A5C7-11AA4F29619E\",\"Name\":\"Microsoft-Windows-SMBServer\"}},\"Security\":{\"#attributes\":{\"UserID\":\"S-1-5-18\"}},\"Task\":551,\"TimeCreated\":{\"#attributes\":{\"SystemTime\":\"2022-05-08T17:05:30.899511Z\"}},\"Version\":2},\"UserData\":{\"EventData\":{\"#attributes\":{\"xmlns\":\"Smb2Namespace\"},\"ClientAddress\":\"0200C54FC0A8109700000000000000000000FFFFC0A810970000000000000000000000000000000000000000000000000000000000000000000000000000000000000000000000000000000000000000000000000000000000000000000000000000000000000000000000000000000000000000000000000000000000000000\",\"ClientAddressLength\":128,\"ClientName\":\"\\\\192.168.16.151\",\"ClientNameLength\":16,\"ConnectionGUID\":\"506891B9-5DD3-0001-9D49-7250D35DD801\",\"SPN\":\"session setup failed before the SPN could be queried\",\"SPNValidationPolicy\":0,\"SessionGUID\":\"506891B9-5DD3-0001-A249-7250D35DD801\",\"SessionId\":\"0x1902db4000005\",\"Status\":\"0xc000006d\",\"TranslatedStatus\":\"0xc000006d\",\"UserName\":\"\",\"UserNameLength\":0}}}})"
"Yara";"SonicWall_IPs";"/mnt/dc3/Windows/System32/winevt/Logs/Microsoft-Windows-SMBServer%4Security.evtx";"$ip_range at offset 2: 192.168.16.151 in ({\"Event\":{\"#attributes\":{\"xmlns\":\"http://schemas.microsoft.com/win/2004/08/events/event\"},\"System\":{\"Channel\":\"Microsoft-Windows-SMBServer/Security\",\"Computer\":\"EWG-GW-DC-01.Erdwaerme.local\",\"Correlation\":null,\"EventID\":551,\"EventRecordID\":445575,\"Execution\":{\"#attributes\":{\"ProcessID\":4,\"ThreadID\":6288}},\"Keywords\":\"0x810000000000008\",\"Level\":2,\"Opcode\":0,\"Provider\":{\"#attributes\":{\"Guid\":\"D48CE617-33A2-4BC3-A5C7-11AA4F29619E\",\"Name\":\"Microsoft-Windows-SMBServer\"}},\"Security\":{\"#attributes\":{\"UserID\":\"S-1-5-18\"}},\"Task\":551,\"TimeCreated\":{\"#attributes\":{\"SystemTime\":\"2022-05-08T17:05:31.290806Z\"}},\"Version\":2},\"UserData\":{\"EventData\":{\"#attributes\":{\"xmlns\":\"Smb2Namespace\"},\"ClientAddress\":\"0200C550C0A8109700000000000000000000FFFFC0A810970000000000000000000000000000000000000000000000000000000000000000000000000000000000000000000000000000000000000000000000000000000000000000000000000000000000000000000000000000000000000000000000000000000000000000\",\"ClientAddressLength\":128,\"ClientName\":\"\\\\192.168.16.151\",\"ClientNameLength\":16,\"ConnectionGUID\":\"506891B9-5DD3-0001-A149-7250D35DD801\",\"SPN\":\"session setup failed before the SPN could be queried\",\"SPNValidationPolicy\":0,\"SessionGUID\":\"506891B9-5DD3-0001-A349-7250D35DD801\",\"SessionId\":\"0x1902c8c000019\",\"Status\":\"0xc000006d\",\"TranslatedStatus\":\"0xc000006d\",\"UserName\":\"\",\"UserNameLength\":0}}}})"
"Yara";"SonicWall_IPs";"/mnt/dc3/Windows/System32/winevt/Logs/Microsoft-Windows-SMBServer%4Security.evtx";"$ip_range at offset 2: 192.168.16.151 in ({\"Event\":{\"#attributes\":{\"xmlns\":\"http://schemas.microsoft.com/win/2004/08/events/event\"},\"System\":{\"Channel\":\"Microsoft-Windows-SMBServer/Security\",\"Computer\":\"EWG-GW-DC-01.Erdwaerme.local\",\"Correlation\":null,\"EventID\":551,\"EventRecordID\":445576,\"Execution\":{\"#attributes\":{\"ProcessID\":4,\"ThreadID\":6288}},\"Keywords\":\"0x810000000000008\",\"Level\":2,\"Opcode\":0,\"Provider\":{\"#attributes\":{\"Guid\":\"D48CE617-33A2-4BC3-A5C7-11AA4F29619E\",\"Name\":\"Microsoft-Windows-SMBServer\"}},\"Security\":{\"#attributes\":{\"UserID\":\"S-1-5-18\"}},\"Task\":551,\"TimeCreated\":{\"#attributes\":{\"SystemTime\":\"2022-05-08T17:05:32.415769Z\"}},\"Version\":2},\"UserData\":{\"EventData\":{\"#attributes\":{\"xmlns\":\"Smb2Namespace\"},\"ClientAddress\":\"0200C552C0A8109700000000000000000000FFFFC0A810970000000000000000000000000000000000000000000000000000000000000000000000000000000000000000000000000000000000000000000000000000000000000000000000000000000000000000000000000000000000000000000000000000000000000000\",\"ClientAddressLength\":128,\"ClientName\":\"\\\\192.168.16.151\",\"ClientNameLength\":16,\"ConnectionGUID\":\"506891B9-5DD3-0001-A449-7250D35DD801\",\"SPN\":\"session setup failed before the SPN could be queried\",\"SPNValidationPolicy\":0,\"SessionGUID\":\"506891B9-5DD3-0000-1BCE-7050D35DD801\",\"SessionId\":\"0x1902db8000009\",\"Status\":\"0xc000006d\",\"TranslatedStatus\":\"0xc000006d\",\"UserName\":\"\",\"UserNameLength\":0}}}})"
"Yara";"SonicWall_IPs";"/mnt/dc3/Windows/System32/winevt/Logs/Microsoft-Windows-SMBServer%4Security.evtx";"$ip_range at offset 2: 192.168.16.151 in ({\"Event\":{\"#attributes\":{\"xmlns\":\"http://schemas.microsoft.com/win/2004/08/events/event\"},\"System\":{\"Channel\":\"Microsoft-Windows-SMBServer/Security\",\"Computer\":\"EWG-GW-DC-01.Erdwaerme.local\",\"Correlation\":null,\"EventID\":551,\"EventRecordID\":445577,\"Execution\":{\"#attributes\":{\"ProcessID\":4,\"ThreadID\":8676}},\"Keywords\":\"0x810000000000008\",\"Level\":2,\"Opcode\":0,\"Provider\":{\"#attributes\":{\"Guid\":\"D48CE617-33A2-4BC3-A5C7-11AA4F29619E\",\"Name\":\"Microsoft-Windows-SMBServer\"}},\"Security\":{\"#attributes\":{\"UserID\":\"S-1-5-18\"}},\"Task\":551,\"TimeCreated\":{\"#attributes\":{\"SystemTime\":\"2022-05-08T17:05:32.775813Z\"}},\"Version\":2},\"UserData\":{\"EventData\":{\"#attributes\":{\"xmlns\":\"Smb2Namespace\"},\"ClientAddress\":\"0200C554C0A8109700000000000000000000FFFFC0A810970000000000000000000000000000000000000000000000000000000000000000000000000000000000000000000000000000000000000000000000000000000000000000000000000000000000000000000000000000000000000000000000000000000000000000\",\"ClientAddressLength\":128,\"ClientName\":\"\\\\192.168.16.151\",\"ClientNameLength\":16,\"ConnectionGUID\":\"506891B9-5DD3-0000-1ACE-7050D35DD801\",\"SPN\":\"session setup failed before the SPN could be queried\",\"SPNValidationPolicy\":0,\"SessionGUID\":\"506891B9-5DD3-0000-1CCE-7050D35DD801\",\"SessionId\":\"0x1902d9000003d\",\"Status\":\"0xc000006d\",\"TranslatedStatus\":\"0xc000006d\",\"UserName\":\"\",\"UserNameLength\":0}}}})"
"Yara";"SonicWall_IPs";"/mnt/dc3/Windows/System32/winevt/Logs/Microsoft-Windows-SMBServer%4Security.evtx";"$ip_range at offset 2: 192.168.16.151 in ({\"Event\":{\"#attributes\":{\"xmlns\":\"http://schemas.microsoft.com/win/2004/08/events/event\"},\"System\":{\"Channel\":\"Microsoft-Windows-SMBServer/Security\",\"Computer\":\"EWG-GW-DC-01.Erdwaerme.local\",\"Correlation\":null,\"EventID\":551,\"EventRecordID\":445578,\"Execution\":{\"#attributes\":{\"ProcessID\":4,\"ThreadID\":8676}},\"Keywords\":\"0x810000000000008\",\"Level\":2,\"Opcode\":0,\"Provider\":{\"#attributes\":{\"Guid\":\"D48CE617-33A2-4BC3-A5C7-11AA4F29619E\",\"Name\":\"Microsoft-Windows-SMBServer\"}},\"Security\":{\"#attributes\":{\"UserID\":\"S-1-5-18\"}},\"Task\":551,\"TimeCreated\":{\"#attributes\":{\"SystemTime\":\"2022-05-08T17:05:33.910583Z\"}},\"Version\":2},\"UserData\":{\"EventData\":{\"#attributes\":{\"xmlns\":\"Smb2Namespace\"},\"ClientAddress\":\"0200C561C0A8109700000000000000000000FFFFC0A810970000000000000000000000000000000000000000000000000000000000000000000000000000000000000000000000000000000000000000000000000000000000000000000000000000000000000000000000000000000000000000000000000000000000000000\",\"ClientAddressLength\":128,\"ClientName\":\"\\\\192.168.16.151\",\"ClientNameLength\":16,\"ConnectionGUID\":\"506891B9-5DD3-0001-A549-7250D35DD801\",\"SPN\":\"session setup failed before the SPN could be queried\",\"SPNValidationPolicy\":0,\"SessionGUID\":\"506891B9-5DD3-0001-A749-7250D35DD801\",\"SessionId\":\"0x1902cd400007d\",\"Status\":\"0xc000006d\",\"TranslatedStatus\":\"0xc000006d\",\"UserName\":\"\",\"UserNameLength\":0}}}})"
"Yara";"SonicWall_IPs";"/mnt/dc3/Windows/System32/winevt/Logs/Microsoft-Windows-SMBServer%4Security.evtx";"$ip_range at offset 2: 192.168.16.151 in ({\"Event\":{\"#attributes\":{\"xmlns\":\"http://schemas.microsoft.com/win/2004/08/events/event\"},\"System\":{\"Channel\":\"Microsoft-Windows-SMBServer/Security\",\"Computer\":\"EWG-GW-DC-01.Erdwaerme.local\",\"Correlation\":null,\"EventID\":551,\"EventRecordID\":445579,\"Execution\":{\"#attributes\":{\"ProcessID\":4,\"ThreadID\":7464}},\"Keywords\":\"0x810000000000008\",\"Level\":2,\"Opcode\":0,\"Provider\":{\"#attributes\":{\"Guid\":\"D48CE617-33A2-4BC3-A5C7-11AA4F29619E\",\"Name\":\"Microsoft-Windows-SMBServer\"}},\"Security\":{\"#attributes\":{\"UserID\":\"S-1-5-18\"}},\"Task\":551,\"TimeCreated\":{\"#attributes\":{\"SystemTime\":\"2022-05-08T17:05:34.029552Z\"}},\"Version\":2},\"UserData\":{\"EventData\":{\"#attributes\":{\"xmlns\":\"Smb2Namespace\"},\"ClientAddress\":\"0200C565C0A8109700000000000000000000FFFFC0A810970000000000000000000000000000000000000000000000000000000000000000000000000000000000000000000000000000000000000000000000000000000000000000000000000000000000000000000000000000000000000000000000000000000000000000\",\"ClientAddressLength\":128,\"ClientName\":\"\\\\192.168.16.151\",\"ClientNameLength\":16,\"ConnectionGUID\":\"506891B9-5DD3-0001-A649-7250D35DD801\",\"SPN\":\"session setup failed before the SPN could be queried\",\"SPNValidationPolicy\":0,\"SessionGUID\":\"506891B9-5DD3-0001-A849-7250D35DD801\",\"SessionId\":\"0x1902da4000075\",\"Status\":\"0xc000006d\",\"TranslatedStatus\":\"0xc000006d\",\"UserName\":\"\",\"UserNameLength\":0}}}})"
"Yara";"SonicWall_IPs";"/mnt/dc3/Windows/System32/winevt/Logs/Microsoft-Windows-SMBServer%4Security.evtx";"$ip_range at offset 2: 192.168.16.151 in ({\"Event\":{\"#attributes\":{\"xmlns\":\"http://schemas.microsoft.com/win/2004/08/events/event\"},\"System\":{\"Channel\":\"Microsoft-Windows-SMBServer/Security\",\"Computer\":\"EWG-GW-DC-01.Erdwaerme.local\",\"Correlation\":null,\"EventID\":551,\"EventRecordID\":445580,\"Execution\":{\"#attributes\":{\"ProcessID\":4,\"ThreadID\":7464}},\"Keywords\":\"0x810000000000008\",\"Level\":2,\"Opcode\":0,\"Provider\":{\"#attributes\":{\"Guid\":\"D48CE617-33A2-4BC3-A5C7-11AA4F29619E\",\"Name\":\"Microsoft-Windows-SMBServer\"}},\"Security\":{\"#attributes\":{\"UserID\":\"S-1-5-18\"}},\"Task\":551,\"TimeCreated\":{\"#attributes\":{\"SystemTime\":\"2022-05-08T17:05:35.317261Z\"}},\"Version\":2},\"UserData\":{\"EventData\":{\"#attributes\":{\"xmlns\":\"Smb2Namespace\"},\"ClientAddress\":\"0200C56DC0A8109700000000000000000000FFFFC0A810970000000000000000000000000000000000000000000000000000000000000000000000000000000000000000000000000000000000000000000000000000000000000000000000000000000000000000000000000000000000000000000000000000000000000000\",\"ClientAddressLength\":128,\"ClientName\":\"\\\\192.168.16.151\",\"ClientNameLength\":16,\"ConnectionGUID\":\"506891B9-5DD3-0001-A949-7250D35DD801\",\"SPN\":\"session setup failed before the SPN could be queried\",\"SPNValidationPolicy\":0,\"SessionGUID\":\"506891B9-5DD3-0000-1DCE-7050D35DD801\",\"SessionId\":\"0x19023b0000041\",\"Status\":\"0xc000006d\",\"TranslatedStatus\":\"0xc000006d\",\"UserName\":\"\",\"UserNameLength\":0}}}})"
"Yara";"SonicWall_IPs";"/mnt/dc3/Windows/System32/winevt/Logs/Microsoft-Windows-SMBServer%4Security.evtx";"$ip_range at offset 2: 192.168.16.151 in ({\"Event\":{\"#attributes\":{\"xmlns\":\"http://schemas.microsoft.com/win/2004/08/events/event\"},\"System\":{\"Channel\":\"Microsoft-Windows-SMBServer/Security\",\"Computer\":\"EWG-GW-DC-01.Erdwaerme.local\",\"Correlation\":null,\"EventID\":551,\"EventRecordID\":445581,\"Execution\":{\"#attributes\":{\"ProcessID\":4,\"ThreadID\":7612}},\"Keywords\":\"0x810000000000008\",\"Level\":2,\"Opcode\":0,\"Provider\":{\"#attributes\":{\"Guid\":\"D48CE617-33A2-4BC3-A5C7-11AA4F29619E\",\"Name\":\"Microsoft-Windows-SMBServer\"}},\"Security\":{\"#attributes\":{\"UserID\":\"S-1-5-18\"}},\"Task\":551,\"TimeCreated\":{\"#attributes\":{\"SystemTime\":\"2022-05-08T17:05:35.426613Z\"}},\"Version\":2},\"UserData\":{\"EventData\":{\"#attributes\":{\"xmlns\":\"Smb2Namespace\"},\"ClientAddress\":\"0200C56EC0A8109700000000000000000000FFFFC0A810970000000000000000000000000000000000000000000000000000000000000000000000000000000000000000000000000000000000000000000000000000000000000000000000000000000000000000000000000000000000000000000000000000000000000000\",\"ClientAddressLength\":128,\"ClientName\":\"\\\\192.168.16.151\",\"ClientNameLength\":16,\"ConnectionGUID\":\"506891B9-5DD3-0001-AA49-7250D35DD801\",\"SPN\":\"session setup failed before the SPN could be queried\",\"SPNValidationPolicy\":0,\"SessionGUID\":\"506891B9-5DD3-0000-1ECE-7050D35DD801\",\"SessionId\":\"0x1902db000000d\",\"Status\":\"0xc000006d\",\"TranslatedStatus\":\"0xc000006d\",\"UserName\":\"\",\"UserNameLength\":0}}}})"
"Yara";"SonicWall_IPs";"/mnt/dc3/Windows/System32/winevt/Logs/Microsoft-Windows-SMBServer%4Security.evtx";"$ip_range at offset 2: 192.168.16.151 in ({\"Event\":{\"#attributes\":{\"xmlns\":\"http://schemas.microsoft.com/win/2004/08/events/event\"},\"System\":{\"Channel\":\"Microsoft-Windows-SMBServer/Security\",\"Computer\":\"EWG-GW-DC-01.Erdwaerme.local\",\"Correlation\":null,\"EventID\":551,\"EventRecordID\":445582,\"Execution\":{\"#attributes\":{\"ProcessID\":4,\"ThreadID\":7612}},\"Keywords\":\"0x810000000000008\",\"Level\":2,\"Opcode\":0,\"Provider\":{\"#attributes\":{\"Guid\":\"D48CE617-33A2-4BC3-A5C7-11AA4F29619E\",\"Name\":\"Microsoft-Windows-SMBServer\"}},\"Security\":{\"#attributes\":{\"UserID\":\"S-1-5-18\"}},\"Task\":551,\"TimeCreated\":{\"#attributes\":{\"SystemTime\":\"2022-05-08T17:05:39.026762Z\"}},\"Version\":2},\"UserData\":{\"EventData\":{\"#attributes\":{\"xmlns\":\"Smb2Namespace\"},\"ClientAddress\":\"0200C58BC0A8109700000000000000000000FFFFC0A810970000000000000000000000000000000000000000000000000000000000000000000000000000000000000000000000000000000000000000000000000000000000000000000000000000000000000000000000000000000000000000000000000000000000000000\",\"ClientAddressLength\":128,\"ClientName\":\"\\\\192.168.16.151\",\"ClientNameLength\":16,\"ConnectionGUID\":\"506891B9-5DD3-0001-AB49-7250D35DD801\",\"SPN\":\"session setup failed before the SPN could be queried\",\"SPNValidationPolicy\":0,\"SessionGUID\":\"506891B9-5DD3-0001-AC49-7250D35DD801\",\"SessionId\":\"0x1902744000039\",\"Status\":\"0xc000006d\",\"TranslatedStatus\":\"0xc000006d\",\"UserName\":\"\",\"UserNameLength\":0}}}})"
"Yara";"SonicWall_IPs";"/mnt/dc3/Windows/System32/winevt/Logs/Microsoft-Windows-SMBServer%4Security.evtx";"$ip_range at offset 2: 192.168.16.151 in ({\"Event\":{\"#attributes\":{\"xmlns\":\"http://schemas.microsoft.com/win/2004/08/events/event\"},\"System\":{\"Channel\":\"Microsoft-Windows-SMBServer/Security\",\"Computer\":\"EWG-GW-DC-01.Erdwaerme.local\",\"Correlation\":null,\"EventID\":551,\"EventRecordID\":445583,\"Execution\":{\"#attributes\":{\"ProcessID\":4,\"ThreadID\":7208}},\"Keywords\":\"0x810000000000008\",\"Level\":2,\"Opcode\":0,\"Provider\":{\"#attributes\":{\"Guid\":\"D48CE617-33A2-4BC3-A5C7-11AA4F29619E\",\"Name\":\"Microsoft-Windows-SMBServer\"}},\"Security\":{\"#attributes\":{\"UserID\":\"S-1-5-18\"}},\"Task\":551,\"TimeCreated\":{\"#attributes\":{\"SystemTime\":\"2022-05-08T17:05:39.144237Z\"}},\"Version\":2},\"UserData\":{\"EventData\":{\"#attributes\":{\"xmlns\":\"Smb2Namespace\"},\"ClientAddress\":\"0200C58CC0A8109700000000000000000000FFFFC0A810970000000000000000000000000000000000000000000000000000000000000000000000000000000000000000000000000000000000000000000000000000000000000000000000000000000000000000000000000000000000000000000000000000000000000000\",\"ClientAddressLength\":128,\"ClientName\":\"\\\\192.168.16.151\",\"ClientNameLength\":16,\"ConnectionGUID\":\"506891B9-5DD3-0000-1FCE-7050D35DD801\",\"SPN\":\"session setup failed before the SPN could be queried\",\"SPNValidationPolicy\":0,\"SessionGUID\":\"506891B9-5DD3-0001-AD49-7250D35DD801\",\"SessionId\":\"0x1902dc0000015\",\"Status\":\"0xc000006d\",\"TranslatedStatus\":\"0xc000006d\",\"UserName\":\"\",\"UserNameLength\":0}}}})"
"Yara";"SonicWall_IPs";"/mnt/dc3/Windows/System32/winevt/Logs/Microsoft-Windows-SMBServer%4Security.evtx";"$ip_range at offset 2: 192.168.16.151 in ({\"Event\":{\"#attributes\":{\"xmlns\":\"http://schemas.microsoft.com/win/2004/08/events/event\"},\"System\":{\"Channel\":\"Microsoft-Windows-SMBServer/Security\",\"Computer\":\"EWG-GW-DC-01.Erdwaerme.local\",\"Correlation\":null,\"EventID\":551,\"EventRecordID\":445584,\"Execution\":{\"#attributes\":{\"ProcessID\":4,\"ThreadID\":7464}},\"Keywords\":\"0x810000000000008\",\"Level\":2,\"Opcode\":0,\"Provider\":{\"#attributes\":{\"Guid\":\"D48CE617-33A2-4BC3-A5C7-11AA4F29619E\",\"Name\":\"Microsoft-Windows-SMBServer\"}},\"Security\":{\"#attributes\":{\"UserID\":\"S-1-5-18\"}},\"Task\":551,\"TimeCreated\":{\"#attributes\":{\"SystemTime\":\"2022-05-08T17:05:40.564539Z\"}},\"Version\":2},\"UserData\":{\"EventData\":{\"#attributes\":{\"xmlns\":\"Smb2Namespace\"},\"ClientAddress\":\"0200C592C0A8109700000000000000000000FFFFC0A810970000000000000000000000000000000000000000000000000000000000000000000000000000000000000000000000000000000000000000000000000000000000000000000000000000000000000000000000000000000000000000000000000000000000000000\",\"ClientAddressLength\":128,\"ClientName\":\"\\\\192.168.16.151\",\"ClientNameLength\":16,\"ConnectionGUID\":\"506891B9-5DD3-0001-AE49-7250D35DD801\",\"SPN\":\"session setup failed before the SPN could be queried\",\"SPNValidationPolicy\":0,\"SessionGUID\":\"506891B9-5DD3-0001-AF49-7250D35DD801\",\"SessionId\":\"0x1902da0000069\",\"Status\":\"0xc000006d\",\"TranslatedStatus\":\"0xc000006d\",\"UserName\":\"\",\"UserNameLength\":0}}}})"
"Yara";"SonicWall_IPs";"/mnt/dc3/Windows/System32/winevt/Logs/Microsoft-Windows-SMBServer%4Security.evtx";"$ip_range at offset 2: 192.168.16.151 in ({\"Event\":{\"#attributes\":{\"xmlns\":\"http://schemas.microsoft.com/win/2004/08/events/event\"},\"System\":{\"Channel\":\"Microsoft-Windows-SMBServer/Security\",\"Computer\":\"EWG-GW-DC-01.Erdwaerme.local\",\"Correlation\":null,\"EventID\":551,\"EventRecordID\":445585,\"Execution\":{\"#attributes\":{\"ProcessID\":4,\"ThreadID\":7612}},\"Keywords\":\"0x810000000000008\",\"Level\":2,\"Opcode\":0,\"Provider\":{\"#attributes\":{\"Guid\":\"D48CE617-33A2-4BC3-A5C7-11AA4F29619E\",\"Name\":\"Microsoft-Windows-SMBServer\"}},\"Security\":{\"#attributes\":{\"UserID\":\"S-1-5-18\"}},\"Task\":551,\"TimeCreated\":{\"#attributes\":{\"SystemTime\":\"2022-05-08T17:05:40.787986Z\"}},\"Version\":2},\"UserData\":{\"EventData\":{\"#attributes\":{\"xmlns\":\"Smb2Namespace\"},\"ClientAddress\":\"0200C593C0A8109700000000000000000000FFFFC0A810970000000000000000000000000000000000000000000000000000000000000000000000000000000000000000000000000000000000000000000000000000000000000000000000000000000000000000000000000000000000000000000000000000000000000000\",\"ClientAddressLength\":128,\"ClientName\":\"\\\\192.168.16.151\",\"ClientNameLength\":16,\"ConnectionGUID\":\"506891B9-5DD3-0000-20CE-7050D35DD801\",\"SPN\":\"session setup failed before the SPN could be queried\",\"SPNValidationPolicy\":0,\"SessionGUID\":\"506891B9-5DD3-0000-21CE-7050D35DD801\",\"SessionId\":\"0x1902db000001d\",\"Status\":\"0xc000006d\",\"TranslatedStatus\":\"0xc000006d\",\"UserName\":\"\",\"UserNameLength\":0}}}})"
"Yara";"SonicWall_IPs";"/mnt/dc3/Windows/System32/winevt/Logs/Microsoft-Windows-SMBServer%4Security.evtx";"$ip_range at offset 2: 192.168.16.151 in ({\"Event\":{\"#attributes\":{\"xmlns\":\"http://schemas.microsoft.com/win/2004/08/events/event\"},\"System\":{\"Channel\":\"Microsoft-Windows-SMBServer/Security\",\"Computer\":\"EWG-GW-DC-01.Erdwaerme.local\",\"Correlation\":null,\"EventID\":551,\"EventRecordID\":445586,\"Execution\":{\"#attributes\":{\"ProcessID\":4,\"ThreadID\":7612}},\"Keywords\":\"0x810000000000008\",\"Level\":2,\"Opcode\":0,\"Provider\":{\"#attributes\":{\"Guid\":\"D48CE617-33A2-4BC3-A5C7-11AA4F29619E\",\"Name\":\"Microsoft-Windows-SMBServer\"}},\"Security\":{\"#attributes\":{\"UserID\":\"S-1-5-18\"}},\"Task\":551,\"TimeCreated\":{\"#attributes\":{\"SystemTime\":\"2022-05-08T17:05:42.243111Z\"}},\"Version\":2},\"UserData\":{\"EventData\":{\"#attributes\":{\"xmlns\":\"Smb2Namespace\"},\"ClientAddress\":\"0200C596C0A8109700000000000000000000FFFFC0A810970000000000000000000000000000000000000000000000000000000000000000000000000000000000000000000000000000000000000000000000000000000000000000000000000000000000000000000000000000000000000000000000000000000000000000\",\"ClientAddressLength\":128,\"ClientName\":\"\\\\192.168.16.151\",\"ClientNameLength\":16,\"ConnectionGUID\":\"506891B9-5DD3-0001-B249-7250D35DD801\",\"SPN\":\"session setup failed before the SPN could be queried\",\"SPNValidationPolicy\":0,\"SessionGUID\":\"506891B9-5DD3-0001-B349-7250D35DD801\",\"SessionId\":\"0x1902cb0000011\",\"Status\":\"0xc000006d\",\"TranslatedStatus\":\"0xc000006d\",\"UserName\":\"\",\"UserNameLength\":0}}}})"
"Yara";"SonicWall_IPs";"/mnt/dc3/Windows/System32/winevt/Logs/Microsoft-Windows-SMBServer%4Security.evtx";"$ip_range at offset 2: 192.168.16.151 in ({\"Event\":{\"#attributes\":{\"xmlns\":\"http://schemas.microsoft.com/win/2004/08/events/event\"},\"System\":{\"Channel\":\"Microsoft-Windows-SMBServer/Security\",\"Computer\":\"EWG-GW-DC-01.Erdwaerme.local\",\"Correlation\":null,\"EventID\":551,\"EventRecordID\":445587,\"Execution\":{\"#attributes\":{\"ProcessID\":4,\"ThreadID\":7208}},\"Keywords\":\"0x810000000000008\",\"Level\":2,\"Opcode\":0,\"Provider\":{\"#attributes\":{\"Guid\":\"D48CE617-33A2-4BC3-A5C7-11AA4F29619E\",\"Name\":\"Microsoft-Windows-SMBServer\"}},\"Security\":{\"#attributes\":{\"UserID\":\"S-1-5-18\"}},\"Task\":551,\"TimeCreated\":{\"#attributes\":{\"SystemTime\":\"2022-05-08T17:05:42.397015Z\"}},\"Version\":2},\"UserData\":{\"EventData\":{\"#attributes\":{\"xmlns\":\"Smb2Namespace\"},\"ClientAddress\":\"0200C598C0A8109700000000000000000000FFFFC0A810970000000000000000000000000000000000000000000000000000000000000000000000000000000000000000000000000000000000000000000000000000000000000000000000000000000000000000000000000000000000000000000000000000000000000000\",\"ClientAddressLength\":128,\"ClientName\":\"\\\\192.168.16.151\",\"ClientNameLength\":16,\"ConnectionGUID\":\"506891B9-5DD3-0000-24CE-7050D35DD801\",\"SPN\":\"session setup failed before the SPN could be queried\",\"SPNValidationPolicy\":0,\"SessionGUID\":\"506891B9-5DD3-0000-25CE-7050D35DD801\",\"SessionId\":\"0x1902dd800005d\",\"Status\":\"0xc000006d\",\"TranslatedStatus\":\"0xc000006d\",\"UserName\":\"\",\"UserNameLength\":0}}}})"
"Yara";"SonicWall_IPs";"/mnt/dc3/Windows/System32/winevt/Logs/Microsoft-Windows-SMBServer%4Security.evtx";"$ip_range at offset 2: 192.168.16.151 in ({\"Event\":{\"#attributes\":{\"xmlns\":\"http://schemas.microsoft.com/win/2004/08/events/event\"},\"System\":{\"Channel\":\"Microsoft-Windows-SMBServer/Security\",\"Computer\":\"EWG-GW-DC-01.Erdwaerme.local\",\"Correlation\":null,\"EventID\":551,\"EventRecordID\":445588,\"Execution\":{\"#attributes\":{\"ProcessID\":4,\"ThreadID\":7612}},\"Keywords\":\"0x810000000000008\",\"Level\":2,\"Opcode\":0,\"Provider\":{\"#attributes\":{\"Guid\":\"D48CE617-33A2-4BC3-A5C7-11AA4F29619E\",\"Name\":\"Microsoft-Windows-SMBServer\"}},\"Security\":{\"#attributes\":{\"UserID\":\"S-1-5-18\"}},\"Task\":551,\"TimeCreated\":{\"#attributes\":{\"SystemTime\":\"2022-05-08T17:05:43.790644Z\"}},\"Version\":2},\"UserData\":{\"EventData\":{\"#attributes\":{\"xmlns\":\"Smb2Namespace\"},\"ClientAddress\":\"0200C5A1C0A8109700000000000000000000FFFFC0A810970000000000000000000000000000000000000000000000000000000000000000000000000000000000000000000000000000000000000000000000000000000000000000000000000000000000000000000000000000000000000000000000000000000000000000\",\"ClientAddressLength\":128,\"ClientName\":\"\\\\192.168.16.151\",\"ClientNameLength\":16,\"ConnectionGUID\":\"506891B9-5DD3-0001-B749-7250D35DD801\",\"SPN\":\"session setup failed before the SPN could be queried\",\"SPNValidationPolicy\":0,\"SessionGUID\":\"506891B9-5DD3-0000-2CCE-7050D35DD801\",\"SessionId\":\"0x1902db0000065\",\"Status\":\"0xc000006d\",\"TranslatedStatus\":\"0xc000006d\",\"UserName\":\"\",\"UserNameLength\":0}}}})"
"Yara";"SonicWall_IPs";"/mnt/dc3/Windows/System32/winevt/Logs/Microsoft-Windows-SMBServer%4Security.evtx";"$ip_range at offset 2: 192.168.16.151 in ({\"Event\":{\"#attributes\":{\"xmlns\":\"http://schemas.microsoft.com/win/2004/08/events/event\"},\"System\":{\"Channel\":\"Microsoft-Windows-SMBServer/Security\",\"Computer\":\"EWG-GW-DC-01.Erdwaerme.local\",\"Correlation\":null,\"EventID\":551,\"EventRecordID\":445589,\"Execution\":{\"#attributes\":{\"ProcessID\":4,\"ThreadID\":7208}},\"Keywords\":\"0x810000000000008\",\"Level\":2,\"Opcode\":0,\"Provider\":{\"#attributes\":{\"Guid\":\"D48CE617-33A2-4BC3-A5C7-11AA4F29619E\",\"Name\":\"Microsoft-Windows-SMBServer\"}},\"Security\":{\"#attributes\":{\"UserID\":\"S-1-5-18\"}},\"Task\":551,\"TimeCreated\":{\"#attributes\":{\"SystemTime\":\"2022-05-08T17:05:44.005917Z\"}},\"Version\":2},\"UserData\":{\"EventData\":{\"#attributes\":{\"xmlns\":\"Smb2Namespace\"},\"ClientAddress\":\"0200C5A3C0A8109700000000000000000000FFFFC0A810970000000000000000000000000000000000000000000000000000000000000000000000000000000000000000000000000000000000000000000000000000000000000000000000000000000000000000000000000000000000000000000000000000000000000000\",\"ClientAddressLength\":128,\"ClientName\":\"\\\\192.168.16.151\",\"ClientNameLength\":16,\"ConnectionGUID\":\"506891B9-5DD3-0000-2BCE-7050D35DD801\",\"SPN\":\"session setup failed before the SPN could be queried\",\"SPNValidationPolicy\":0,\"SessionGUID\":\"506891B9-5DD3-0000-2DCE-7050D35DD801\",\"SessionId\":\"0x1902dc000004d\",\"Status\":\"0xc000006d\",\"TranslatedStatus\":\"0xc000006d\",\"UserName\":\"\",\"UserNameLength\":0}}}})"
"Yara";"SonicWall_IPs";"/mnt/dc3/Windows/System32/winevt/Logs/Microsoft-Windows-SMBServer%4Security.evtx";"$ip_range at offset 2: 192.168.16.151 in ({\"Event\":{\"#attributes\":{\"xmlns\":\"http://schemas.microsoft.com/win/2004/08/events/event\"},\"System\":{\"Channel\":\"Microsoft-Windows-SMBServer/Security\",\"Computer\":\"EWG-GW-DC-01.Erdwaerme.local\",\"Correlation\":null,\"EventID\":551,\"EventRecordID\":445590,\"Execution\":{\"#attributes\":{\"ProcessID\":4,\"ThreadID\":3056}},\"Keywords\":\"0x810000000000008\",\"Level\":2,\"Opcode\":0,\"Provider\":{\"#attributes\":{\"Guid\":\"D48CE617-33A2-4BC3-A5C7-11AA4F29619E\",\"Name\":\"Microsoft-Windows-SMBServer\"}},\"Security\":{\"#attributes\":{\"UserID\":\"S-1-5-18\"}},\"Task\":551,\"TimeCreated\":{\"#attributes\":{\"SystemTime\":\"2022-05-08T17:05:44.921471Z\"}},\"Version\":2},\"UserData\":{\"EventData\":{\"#attributes\":{\"xmlns\":\"Smb2Namespace\"},\"ClientAddress\":\"0200C5A8C0A8109700000000000000000000FFFFC0A810970000000000000000000000000000000000000000000000000000000000000000000000000000000000000000000000000000000000000000000000000000000000000000000000000000000000000000000000000000000000000000000000000000000000000000\",\"ClientAddressLength\":128,\"ClientName\":\"\\\\192.168.16.151\",\"ClientNameLength\":16,\"ConnectionGUID\":\"00000000-0000-0000-0000-000000000000\",\"SPN\":\"session setup failed before the SPN could be queried\",\"SPNValidationPolicy\":0,\"SessionGUID\":\"00000000-0000-0000-0000-000000000000\",\"SessionId\":\"0x0\",\"Status\":\"0xc000006d\",\"TranslatedStatus\":\"0xc000006d\",\"UserName\":\"UserName\",\"UserNameLength\":8}}}})"
"Yara";"SonicWall_IPs";"/mnt/dc3/Windows/System32/winevt/Logs/Microsoft-Windows-SMBServer%4Security.evtx";"$ip_range at offset 2: 192.168.16.151 in ({\"Event\":{\"#attributes\":{\"xmlns\":\"http://schemas.microsoft.com/win/2004/08/events/event\"},\"System\":{\"Channel\":\"Microsoft-Windows-SMBServer/Security\",\"Computer\":\"EWG-GW-DC-01.Erdwaerme.local\",\"Correlation\":null,\"EventID\":551,\"EventRecordID\":445591,\"Execution\":{\"#attributes\":{\"ProcessID\":4,\"ThreadID\":3056}},\"Keywords\":\"0x810000000000008\",\"Level\":2,\"Opcode\":0,\"Provider\":{\"#attributes\":{\"Guid\":\"D48CE617-33A2-4BC3-A5C7-11AA4F29619E\",\"Name\":\"Microsoft-Windows-SMBServer\"}},\"Security\":{\"#attributes\":{\"UserID\":\"S-1-5-18\"}},\"Task\":551,\"TimeCreated\":{\"#attributes\":{\"SystemTime\":\"2022-05-08T17:05:45.276806Z\"}},\"Version\":2},\"UserData\":{\"EventData\":{\"#attributes\":{\"xmlns\":\"Smb2Namespace\"},\"ClientAddress\":\"0200C5ABC0A8109700000000000000000000FFFFC0A810970000000000000000000000000000000000000000000000000000000000000000000000000000000000000000000000000000000000000000000000000000000000000000000000000000000000000000000000000000000000000000000000000000000000000000\",\"ClientAddressLength\":128,\"ClientName\":\"\\\\192.168.16.151\",\"ClientNameLength\":16,\"ConnectionGUID\":\"00000000-0000-0000-0000-000000000000\",\"SPN\":\"session setup failed before the SPN could be queried\",\"SPNValidationPolicy\":0,\"SessionGUID\":\"00000000-0000-0000-0000-000000000000\",\"SessionId\":\"0x0\",\"Status\":\"0xc000006d\",\"TranslatedStatus\":\"0xc000006d\",\"UserName\":\"UserName\",\"UserNameLength\":8}}}})"
"Yara";"SonicWall_IPs";"/mnt/dc3/Windows/System32/winevt/Logs/Microsoft-Windows-SMBServer%4Security.evtx";"$ip_range at offset 2: 192.168.16.151 in ({\"Event\":{\"#attributes\":{\"xmlns\":\"http://schemas.microsoft.com/win/2004/08/events/event\"},\"System\":{\"Channel\":\"Microsoft-Windows-SMBServer/Security\",\"Computer\":\"EWG-GW-DC-01.Erdwaerme.local\",\"Correlation\":null,\"EventID\":551,\"EventRecordID\":445592,\"Execution\":{\"#attributes\":{\"ProcessID\":4,\"ThreadID\":7612}},\"Keywords\":\"0x810000000000008\",\"Level\":2,\"Opcode\":0,\"Provider\":{\"#attributes\":{\"Guid\":\"D48CE617-33A2-4BC3-A5C7-11AA4F29619E\",\"Name\":\"Microsoft-Windows-SMBServer\"}},\"Security\":{\"#attributes\":{\"UserID\":\"S-1-5-18\"}},\"Task\":551,\"TimeCreated\":{\"#attributes\":{\"SystemTime\":\"2022-05-08T17:05:46.406593Z\"}},\"Version\":2},\"UserData\":{\"EventData\":{\"#attributes\":{\"xmlns\":\"Smb2Namespace\"},\"ClientAddress\":\"0200C5AFC0A8109700000000000000000000FFFFC0A810970000000000000000000000000000000000000000000000000000000000000000000000000000000000000000000000000000000000000000000000000000000000000000000000000000000000000000000000000000000000000000000000000000000000000000\",\"ClientAddressLength\":128,\"ClientName\":\"\\\\192.168.16.151\",\"ClientNameLength\":16,\"ConnectionGUID\":\"506891B9-5DD3-0001-B849-7250D35DD801\",\"SPN\":\"session setup failed before the SPN could be queried\",\"SPNValidationPolicy\":0,\"SessionGUID\":\"506891B9-5DD3-0000-2ECE-7050D35DD801\",\"SessionId\":\"0x1902408000055\",\"Status\":\"0xc000006d\",\"TranslatedStatus\":\"0xc000006d\",\"UserName\":\"\",\"UserNameLength\":0}}}})"
"Yara";"SonicWall_IPs";"/mnt/dc3/Windows/System32/winevt/Logs/Microsoft-Windows-SMBServer%4Security.evtx";"$ip_range at offset 2: 192.168.16.151 in ({\"Event\":{\"#attributes\":{\"xmlns\":\"http://schemas.microsoft.com/win/2004/08/events/event\"},\"System\":{\"Channel\":\"Microsoft-Windows-SMBServer/Security\",\"Computer\":\"EWG-GW-DC-01.Erdwaerme.local\",\"Correlation\":null,\"EventID\":551,\"EventRecordID\":445593,\"Execution\":{\"#attributes\":{\"ProcessID\":4,\"ThreadID\":6288}},\"Keywords\":\"0x810000000000008\",\"Level\":2,\"Opcode\":0,\"Provider\":{\"#attributes\":{\"Guid\":\"D48CE617-33A2-4BC3-A5C7-11AA4F29619E\",\"Name\":\"Microsoft-Windows-SMBServer\"}},\"Security\":{\"#attributes\":{\"UserID\":\"S-1-5-18\"}},\"Task\":551,\"TimeCreated\":{\"#attributes\":{\"SystemTime\":\"2022-05-08T17:05:46.769597Z\"}},\"Version\":2},\"UserData\":{\"EventData\":{\"#attributes\":{\"xmlns\":\"Smb2Namespace\"},\"ClientAddress\":\"0200C5B1C0A8109700000000000000000000FFFFC0A810970000000000000000000000000000000000000000000000000000000000000000000000000000000000000000000000000000000000000000000000000000000000000000000000000000000000000000000000000000000000000000000000000000000000000000\",\"ClientAddressLength\":128,\"ClientName\":\"\\\\192.168.16.151\",\"ClientNameLength\":16,\"ConnectionGUID\":\"506891B9-5DD3-0001-B949-7250D35DD801\",\"SPN\":\"session setup failed before the SPN could be queried\",\"SPNValidationPolicy\":0,\"SessionGUID\":\"506891B9-5DD3-0001-BA49-7250D35DD801\",\"SessionId\":\"0x1902dd0000079\",\"Status\":\"0xc000006d\",\"TranslatedStatus\":\"0xc000006d\",\"UserName\":\"\",\"UserNameLength\":0}}}})"
"Yara";"SonicWall_IPs";"/mnt/dc3/Windows/System32/winevt/Logs/Microsoft-Windows-SMBServer%4Security.evtx";"$ip_range at offset 2: 192.168.16.151 in ({\"Event\":{\"#attributes\":{\"xmlns\":\"http://schemas.microsoft.com/win/2004/08/events/event\"},\"System\":{\"Channel\":\"Microsoft-Windows-SMBServer/Security\",\"Computer\":\"EWG-GW-DC-01.Erdwaerme.local\",\"Correlation\":null,\"EventID\":551,\"EventRecordID\":445594,\"Execution\":{\"#attributes\":{\"ProcessID\":4,\"ThreadID\":7208}},\"Keywords\":\"0x810000000000008\",\"Level\":2,\"Opcode\":0,\"Provider\":{\"#attributes\":{\"Guid\":\"D48CE617-33A2-4BC3-A5C7-11AA4F29619E\",\"Name\":\"Microsoft-Windows-SMBServer\"}},\"Security\":{\"#attributes\":{\"UserID\":\"S-1-5-18\"}},\"Task\":551,\"TimeCreated\":{\"#attributes\":{\"SystemTime\":\"2022-05-08T17:05:47.798324Z\"}},\"Version\":2},\"UserData\":{\"EventData\":{\"#attributes\":{\"xmlns\":\"Smb2Namespace\"},\"ClientAddress\":\"0200C5B7C0A8109700000000000000000000FFFFC0A810970000000000000000000000000000000000000000000000000000000000000000000000000000000000000000000000000000000000000000000000000000000000000000000000000000000000000000000000000000000000000000000000000000000000000000\",\"ClientAddressLength\":128,\"ClientName\":\"\\\\192.168.16.151\",\"ClientNameLength\":16,\"ConnectionGUID\":\"506891B9-5DD3-0001-BB49-7250D35DD801\",\"SPN\":\"session setup failed before the SPN could be queried\",\"SPNValidationPolicy\":0,\"SessionGUID\":\"506891B9-5DD3-0000-2FCE-7050D35DD801\",\"SessionId\":\"0x1902d80000035\",\"Status\":\"0xc000006d\",\"TranslatedStatus\":\"0xc000006d\",\"UserName\":\"\",\"UserNameLength\":0}}}})"
"Yara";"SonicWall_IPs";"/mnt/dc3/Windows/System32/winevt/Logs/Microsoft-Windows-SMBServer%4Security.evtx";"$ip_range at offset 2: 192.168.16.151 in ({\"Event\":{\"#attributes\":{\"xmlns\":\"http://schemas.microsoft.com/win/2004/08/events/event\"},\"System\":{\"Channel\":\"Microsoft-Windows-SMBServer/Security\",\"Computer\":\"EWG-GW-DC-01.Erdwaerme.local\",\"Correlation\":null,\"EventID\":551,\"EventRecordID\":445595,\"Execution\":{\"#attributes\":{\"ProcessID\":4,\"ThreadID\":8676}},\"Keywords\":\"0x810000000000008\",\"Level\":2,\"Opcode\":0,\"Provider\":{\"#attributes\":{\"Guid\":\"D48CE617-33A2-4BC3-A5C7-11AA4F29619E\",\"Name\":\"Microsoft-Windows-SMBServer\"}},\"Security\":{\"#attributes\":{\"UserID\":\"S-1-5-18\"}},\"Task\":551,\"TimeCreated\":{\"#attributes\":{\"SystemTime\":\"2022-05-08T17:05:48.251834Z\"}},\"Version\":2},\"UserData\":{\"EventData\":{\"#attributes\":{\"xmlns\":\"Smb2Namespace\"},\"ClientAddress\":\"0200C5B9C0A8109700000000000000000000FFFFC0A810970000000000000000000000000000000000000000000000000000000000000000000000000000000000000000000000000000000000000000000000000000000000000000000000000000000000000000000000000000000000000000000000000000000000000000\",\"ClientAddressLength\":128,\"ClientName\":\"\\\\192.168.16.151\",\"ClientNameLength\":16,\"ConnectionGUID\":\"506891B9-5DD3-0000-30CE-7050D35DD801\",\"SPN\":\"session setup failed before the SPN could be queried\",\"SPNValidationPolicy\":0,\"SessionGUID\":\"506891B9-5DD3-0001-BC49-7250D35DD801\",\"SessionId\":\"0x1902dac000029\",\"Status\":\"0xc000006d\",\"TranslatedStatus\":\"0xc000006d\",\"UserName\":\"\",\"UserNameLength\":0}}}})"
"Yara";"SonicWall_IPs";"/mnt/dc3/Windows/System32/winevt/Logs/Microsoft-Windows-SMBServer%4Security.evtx";"$ip_range at offset 2: 192.168.16.151 in ({\"Event\":{\"#attributes\":{\"xmlns\":\"http://schemas.microsoft.com/win/2004/08/events/event\"},\"System\":{\"Channel\":\"Microsoft-Windows-SMBServer/Security\",\"Computer\":\"EWG-GW-DC-01.Erdwaerme.local\",\"Correlation\":null,\"EventID\":551,\"EventRecordID\":445596,\"Execution\":{\"#attributes\":{\"ProcessID\":4,\"ThreadID\":6288}},\"Keywords\":\"0x810000000000008\",\"Level\":2,\"Opcode\":0,\"Provider\":{\"#attributes\":{\"Guid\":\"D48CE617-33A2-4BC3-A5C7-11AA4F29619E\",\"Name\":\"Microsoft-Windows-SMBServer\"}},\"Security\":{\"#attributes\":{\"UserID\":\"S-1-5-18\"}},\"Task\":551,\"TimeCreated\":{\"#attributes\":{\"SystemTime\":\"2022-05-08T17:05:49.214454Z\"}},\"Version\":2},\"UserData\":{\"EventData\":{\"#attributes\":{\"xmlns\":\"Smb2Namespace\"},\"ClientAddress\":\"0200C5BCC0A8109700000000000000000000FFFFC0A810970000000000000000000000000000000000000000000000000000000000000000000000000000000000000000000000000000000000000000000000000000000000000000000000000000000000000000000000000000000000000000000000000000000000000000\",\"ClientAddressLength\":128,\"ClientName\":\"\\\\192.168.16.151\",\"ClientNameLength\":16,\"ConnectionGUID\":\"506891B9-5DD3-0001-BD49-7250D35DD801\",\"SPN\":\"session setup failed before the SPN could be queried\",\"SPNValidationPolicy\":0,\"SessionGUID\":\"506891B9-5DD3-0001-BE49-7250D35DD801\",\"SessionId\":\"0x1902bbc000025\",\"Status\":\"0xc000006d\",\"TranslatedStatus\":\"0xc000006d\",\"UserName\":\"\",\"UserNameLength\":0}}}})"
"Yara";"SonicWall_IPs";"/mnt/dc3/Windows/System32/winevt/Logs/Microsoft-Windows-SMBServer%4Security.evtx";"$ip_range at offset 2: 192.168.16.151 in ({\"Event\":{\"#attributes\":{\"xmlns\":\"http://schemas.microsoft.com/win/2004/08/events/event\"},\"System\":{\"Channel\":\"Microsoft-Windows-SMBServer/Security\",\"Computer\":\"EWG-GW-DC-01.Erdwaerme.local\",\"Correlation\":null,\"EventID\":551,\"EventRecordID\":445597,\"Execution\":{\"#attributes\":{\"ProcessID\":4,\"ThreadID\":7464}},\"Keywords\":\"0x810000000000008\",\"Level\":2,\"Opcode\":0,\"Provider\":{\"#attributes\":{\"Guid\":\"D48CE617-33A2-4BC3-A5C7-11AA4F29619E\",\"Name\":\"Microsoft-Windows-SMBServer\"}},\"Security\":{\"#attributes\":{\"UserID\":\"S-1-5-18\"}},\"Task\":551,\"TimeCreated\":{\"#attributes\":{\"SystemTime\":\"2022-05-08T17:05:49.962263Z\"}},\"Version\":2},\"UserData\":{\"EventData\":{\"#attributes\":{\"xmlns\":\"Smb2Namespace\"},\"ClientAddress\":\"0200C5BEC0A8109700000000000000000000FFFFC0A810970000000000000000000000000000000000000000000000000000000000000000000000000000000000000000000000000000000000000000000000000000000000000000000000000000000000000000000000000000000000000000000000000000000000000000\",\"ClientAddressLength\":128,\"ClientName\":\"\\\\192.168.16.151\",\"ClientNameLength\":16,\"ConnectionGUID\":\"506891B9-5DD3-0000-31CE-7050D35DD801\",\"SPN\":\"session setup failed before the SPN could be queried\",\"SPNValidationPolicy\":0,\"SessionGUID\":\"506891B9-5DD3-0001-BF49-7250D35DD801\",\"SessionId\":\"0x19028f4000049\",\"Status\":\"0xc000006d\",\"TranslatedStatus\":\"0xc000006d\",\"UserName\":\"\",\"UserNameLength\":0}}}})"
