"Yara";"SonicWall_IPs";"/mnt/dc3/Windows/System32/winevt/Logs/Microsoft-Windows-SMBServer%4Security.evtx";"$ip_range at offset 2: 192.168.16.151 in ({\"Event\":{\"#attributes\":{\"xmlns\":\"http://schemas.microsoft.com/win/2004/08/events/event\"},\"System\":{\"Channel\":\"Microsoft-Windows-SMBServer/Security\",\"Computer\":\"EWG-GW-DC-01.Erdwaerme.local\",\"Correlation\":null,\"EventID\":551,\"EventRecordID\":445628,\"Execution\":{\"#attributes\":{\"ProcessID\":4,\"ThreadID\":6288}},\"Keywords\":\"0x810000000000008\",\"Level\":2,\"Opcode\":0,\"Provider\":{\"#attributes\":{\"Guid\":\"D48CE617-33A2-4BC3-A5C7-11AA4F29619E\",\"Name\":\"Microsoft-Windows-SMBServer\"}},\"Security\":{\"#attributes\":{\"UserID\":\"S-1-5-18\"}},\"Task\":551,\"TimeCreated\":{\"#attributes\":{\"SystemTime\":\"2022-05-08T17:06:22.832136Z\"}},\"Version\":2},\"UserData\":{\"EventData\":{\"#attributes\":{\"xmlns\":\"Smb2Namespace\"},\"ClientAddress\":\"0200C703C0A8109700000000000000000000FFFFC0A810970000000000000000000000000000000000000000000000000000000000000000000000000000000000000000000000000000000000000000000000000000000000000000000000000000000000000000000000000000000000000000000000000000000000000000\",\"ClientAddressLength\":128,\"ClientName\":\"\\\\192.168.16.151\",\"ClientNameLength\":16,\"ConnectionGUID\":\"506891B9-5DD3-0001-084A-7250D35DD801\",\"SPN\":\"session setup failed before the SPN could be queried\",\"SPNValidationPolicy\":0,\"SessionGUID\":\"506891B9-5DD3-0001-094A-7250D35DD801\",\"SessionId\":\"0x1902d9800003d\",\"Status\":\"0xc000006d\",\"TranslatedStatus\":\"0xc000006d\",\"UserName\":\"\",\"UserNameLength\":0}}}})"
"Yara";"SonicWall_IPs";"/mnt/dc3/Windows/System32/winevt/Logs/Microsoft-Windows-SMBServer%4Security.evtx";"$ip_range at offset 2: 192.168.16.151 in ({\"Event\":{\"#attributes\":{\"xmlns\":\"http://schemas.microsoft.com/win/2004/08/events/event\"},\"System\":{\"Channel\":\"Microsoft-Windows-SMBServer/Security\",\"Computer\":\"EWG-GW-DC-01.Erdwaerme.local\",\"Correlation\":null,\"EventID\":551,\"EventRecordID\":445629,\"Execution\":{\"#attributes\":{\"ProcessID\":4,\"ThreadID\":7208}},\"Keywords\":\"0x810000000000008\",\"Level\":2,\"Opcode\":0,\"Provider\":{\"#attributes\":{\"Guid\":\"D48CE617-33A2-4BC3-A5C7-11AA4F29619E\",\"Name\":\"Microsoft-Windows-SMBServer\"}},\"Security\":{\"#attributes\":{\"UserID\":\"S-1-5-18\"}},\"Task\":551,\"TimeCreated\":{\"#attributes\":{\"SystemTime\":\"2022-05-08T17:06:24.063875Z\"}},\"Version\":2},\"UserData\":{\"EventData\":{\"#attributes\":{\"xmlns\":\"Smb2Namespace\"},\"ClientAddress\":\"0200C729C0A8109700000000000000000000FFFFC0A810970000000000000000000000000000000000000000000000000000000000000000000000000000000000000000000000000000000000000000000000000000000000000000000000000000000000000000000000000000000000000000000000000000000000000000\",\"ClientAddressLength\":128,\"ClientName\":\"\\\\192.168.16.151\",\"ClientNameLength\":16,\"ConnectionGUID\":\"506891B9-5DD3-0001-134A-7250D35DD801\",\"SPN\":\"session setup failed before the SPN could be queried\",\"SPNValidationPolicy\":0,\"SessionGUID\":\"506891B9-5DD3-0001-144A-7250D35DD801\",\"SessionId\":\"0x1902d94000059\",\"Status\":\"0xc000006d\",\"TranslatedStatus\":\"0xc000006d\",\"UserName\":\"\",\"UserNameLength\":0}}}})"
"Yara";"SonicWall_IPs";"/mnt/dc3/Windows/System32/winevt/Logs/Microsoft-Windows-SMBServer%4Security.evtx";"$ip_range at offset 2: 192.168.16.151 in ({\"Event\":{\"#attributes\":{\"xmlns\":\"http://schemas.microsoft.com/win/2004/08/events/event\"},\"System\":{\"Channel\":\"Microsoft-Windows-SMBServer/Security\",\"Computer\":\"EWG-GW-DC-01.Erdwaerme.local\",\"Correlation\":null,\"EventID\":1006,\"EventRecordID\":445630,\"Execution\":{\"#attributes\":{\"ProcessID\":4,\"ThreadID\":6788}},\"Keywords\":\"0x810000000000008\",\"Level\":2,\"Opcode\":0,\"Provider\":{\"#attributes\":{\"Guid\":\"D48CE617-33A2-4BC3-A5C7-11AA4F29619E\",\"Name\":\"Microsoft-Windows-SMBServer\"}},\"Security\":{\"#attributes\":{\"UserID\":\"S-1-5-18\"}},\"Task\":1006,\"TimeCreated\":{\"#attributes\":{\"SystemTime\":\"2022-05-08T17:08:38.825029Z\"}},\"Version\":0},\"UserData\":{\"EventData\":{\"#attributes\":{\"xmlns\":\"Smb2Namespace\"},\"ClientAddress\":\"0200C883C0A8109700000000000000000000FFFFC0A810970000000000000000000000000000000000000000000000000000000000000000000000000000000000000000000000000000000000000000000000000000000000000000000000000000000000000000000000000000000000000000000000000000000000000000\",\"ClientAddressLength\":128,\"ClientName\":\"\\\\192.168.16.151\",\"ClientNameLength\":16,\"GrantedAccess\":\"0x0\",\"MappedAccess\":\"0x130196\",\"SessionID\":\"0x1902ce000007d\",\"ShareName\":\"\\\\*\\DFS\",\"ShareNameLength\":7,\"SharePath\":\"\\??\\C:\\DFSRoots\\DFS\",\"SharePathLength\":19,\"ShareSecurityDescriptor\":\"010004803000000040000000000000001400000002001C000100000000001400A90012000101000000000001000000000102000000000005200000002002000001020000000000052000000020020000\",\"ShareSecurityDescriptorLength\":80,\"Status\":\"0xc0000022\",\"TranslatedStatus\":\"0xc0000022\",\"UserName\":\"ERDWAERME\\msg.systems2\",\"UserNameLength\":22}}}})"
"Yara";"SonicWall_IPs";"/mnt/dc3/Windows/System32/winevt/Logs/Microsoft-Windows-SMBServer%4Security.evtx";"$ip_range at offset 2: 192.168.16.151 in ({\"Event\":{\"#attributes\":{\"xmlns\":\"http://schemas.microsoft.com/win/2004/08/events/event\"},\"System\":{\"Channel\":\"Microsoft-Windows-SMBServer/Security\",\"Computer\":\"EWG-GW-DC-01.Erdwaerme.local\",\"Correlation\":null,\"EventID\":1006,\"EventRecordID\":445631,\"Execution\":{\"#attributes\":{\"ProcessID\":4,\"ThreadID\":6980}},\"Keywords\":\"0x810000000000008\",\"Level\":2,\"Opcode\":0,\"Provider\":{\"#attributes\":{\"Guid\":\"D48CE617-33A2-4BC3-A5C7-11AA4F29619E\",\"Name\":\"Microsoft-Windows-SMBServer\"}},\"Security\":{\"#attributes\":{\"UserID\":\"S-1-5-18\"}},\"Task\":1006,\"TimeCreated\":{\"#attributes\":{\"SystemTime\":\"2022-05-08T17:08:39.287787Z\"}},\"Version\":0},\"UserData\":{\"EventData\":{\"#attributes\":{\"xmlns\":\"Smb2Namespace\"},\"ClientAddress\":\"0200C883C0A8109700000000000000000000FFFFC0A810970000000000000000000000000000000000000000000000000000000000000000000000000000000000000000000000000000000000000000000000000000000000000000000000000000000000000000000000000000000000000000000000000000000000000000\",\"ClientAddressLength\":128,\"ClientName\":\"\\\\192.168.16.151\",\"ClientNameLength\":16,\"GrantedAccess\":\"0x0\",\"MappedAccess\":\"0x130196\",\"SessionID\":\"0x1902ce000007d\",\"ShareName\":\"\\\\*\\DFS\",\"ShareNameLength\":7,\"SharePath\":\"\\??\\C:\\DFSRoots\\DFS\",\"SharePathLength\":19,\"ShareSecurityDescriptor\":\"010004803000000040000000000000001400000002001C000100000000001400A90012000101000000000001000000000102000000000005200000002002000001020000000000052000000020020000\",\"ShareSecurityDescriptorLength\":80,\"Status\":\"0xc0000022\",\"TranslatedStatus\":\"0xc0000022\",\"UserName\":\"ERDWAERME\\msg.systems2\",\"UserNameLength\":22}}}})"
"Yara";"SonicWall_IPs";"/mnt/dc3/Windows/System32/winevt/Logs/Microsoft-Windows-SMBServer%4Security.evtx";"$ip_range at offset 2: 192.168.16.153 in ({\"Event\":{\"#attributes\":{\"xmlns\":\"http://schemas.microsoft.com/win/2004/08/events/event\"},\"System\":{\"Channel\":\"Microsoft-Windows-SMBServer/Security\",\"Computer\":\"EWG-GW-DC-01.Erdwaerme.local\",\"Correlation\":null,\"EventID\":551,\"EventRecordID\":445828,\"Execution\":{\"#attributes\":{\"ProcessID\":4,\"ThreadID\":4220}},\"Keywords\":\"0x810000000000008\",\"Level\":2,\"Opcode\":0,\"Provider\":{\"#attributes\":{\"Guid\":\"D48CE617-33A2-4BC3-A5C7-11AA4F29619E\",\"Name\":\"Microsoft-Windows-SMBServer\"}},\"Security\":{\"#attributes\":{\"UserID\":\"S-1-5-18\"}},\"Task\":551,\"TimeCreated\":{\"#attributes\":{\"SystemTime\":\"2022-05-09T11:51:44.555669Z\"}},\"Version\":2},\"UserData\":{\"EventData\":{\"#attributes\":{\"xmlns\":\"Smb2Namespace\"},\"ClientAddress\":\"0200C29CC0A8109900000000000000000000FFFFC0A810990000000000000000000000000000000000000000000000000000000000000000000000000000000000000000000000000000000000000000000000000000000000000000000000000000000000000000000000000000000000000000000000000000000000000000\",\"ClientAddressLength\":128,\"ClientName\":\"\\\\192.168.16.153\",\"ClientNameLength\":16,\"ConnectionGUID\":\"AAE652BC-6391-0001-915D-E6AA9163D801\",\"SPN\":\"session setup failed before the SPN could be queried\",\"SPNValidationPolicy\":0,\"SessionGUID\":\"AAE652BC-6391-0000-D75F-E6AA9163D801\",\"SessionId\":\"0x198002000006d\",\"Status\":\"0xc000006d\",\"TranslatedStatus\":\"0xc000006d\",\"UserName\":\"\",\"UserNameLength\":0}}}})"
"Yara";"SonicWall_IPs";"/mnt/dc3/Windows/System32/winevt/Logs/Microsoft-Windows-SMBServer%4Security.evtx";"$ip_range at offset 2: 192.168.16.153 in ({\"Event\":{\"#attributes\":{\"xmlns\":\"http://schemas.microsoft.com/win/2004/08/events/event\"},\"System\":{\"Channel\":\"Microsoft-Windows-SMBServer/Security\",\"Computer\":\"EWG-GW-DC-01.Erdwaerme.local\",\"Correlation\":null,\"EventID\":1006,\"EventRecordID\":445829,\"Execution\":{\"#attributes\":{\"ProcessID\":4,\"ThreadID\":4720}},\"Keywords\":\"0x810000000000008\",\"Level\":2,\"Opcode\":0,\"Provider\":{\"#attributes\":{\"Guid\":\"D48CE617-33A2-4BC3-A5C7-11AA4F29619E\",\"Name\":\"Microsoft-Windows-SMBServer\"}},\"Security\":{\"#attributes\":{\"UserID\":\"S-1-5-18\"}},\"Task\":1006,\"TimeCreated\":{\"#attributes\":{\"SystemTime\":\"2022-05-09T11:54:04.631994Z\"}},\"Version\":0},\"UserData\":{\"EventData\":{\"#attributes\":{\"xmlns\":\"Smb2Namespace\"},\"ClientAddress\":\"0200C2F6C0A8109900000000000000000000FFFFC0A810990000000000000000000000000000000000000000000000000000000000000000000000000000000000000000000000000000000000000000000000000000000000000000000000000000000000000000000000000000000000000000000000000000000000000000\",\"ClientAddressLength\":128,\"ClientName\":\"\\\\192.168.16.153\",\"ClientNameLength\":16,\"GrantedAccess\":\"0x0\",\"MappedAccess\":\"0x130196\",\"SessionID\":\"0x1980024000035\",\"ShareName\":\"\\\\*\\DFS\",\"ShareNameLength\":7,\"SharePath\":\"\\??\\C:\\DFSRoots\\DFS\",\"SharePathLength\":19,\"ShareSecurityDescriptor\":\"010004803000000040000000000000001400000002001C000100000000001400A90012000101000000000001000000000102000000000005200000002002000001020000000000052000000020020000\",\"ShareSecurityDescriptorLength\":80,\"Status\":\"0xc0000022\",\"TranslatedStatus\":\"0xc0000022\",\"UserName\":\"ERDWAERME\\svc.mfp\",\"UserNameLength\":17}}}})"
"Yara";"SonicWall_IPs";"/mnt/dc3/Windows/System32/winevt/Logs/Microsoft-Windows-SMBServer%4Security.evtx";"$ip_range at offset 2: 192.168.16.153 in ({\"Event\":{\"#attributes\":{\"xmlns\":\"http://schemas.microsoft.com/win/2004/08/events/event\"},\"System\":{\"Channel\":\"Microsoft-Windows-SMBServer/Security\",\"Computer\":\"EWG-GW-DC-01.Erdwaerme.local\",\"Correlation\":null,\"EventID\":1006,\"EventRecordID\":445830,\"Execution\":{\"#attributes\":{\"ProcessID\":4,\"ThreadID\":5044}},\"Keywords\":\"0x810000000000008\",\"Level\":2,\"Opcode\":0,\"Provider\":{\"#attributes\":{\"Guid\":\"D48CE617-33A2-4BC3-A5C7-11AA4F29619E\",\"Name\":\"Microsoft-Windows-SMBServer\"}},\"Security\":{\"#attributes\":{\"UserID\":\"S-1-5-18\"}},\"Task\":1006,\"TimeCreated\":{\"#attributes\":{\"SystemTime\":\"2022-05-09T11:54:05.764082Z\"}},\"Version\":0},\"UserData\":{\"EventData\":{\"#attributes\":{\"xmlns\":\"Smb2Namespace\"},\"ClientAddress\":\"0200C2F6C0A8109900000000000000000000FFFFC0A810990000000000000000000000000000000000000000000000000000000000000000000000000000000000000000000000000000000000000000000000000000000000000000000000000000000000000000000000000000000000000000000000000000000000000000\",\"ClientAddressLength\":128,\"ClientName\":\"\\\\192.168.16.153\",\"ClientNameLength\":16,\"GrantedAccess\":\"0x0\",\"MappedAccess\":\"0x130196\",\"SessionID\":\"0x1980024000035\",\"ShareName\":\"\\\\*\\DFS\",\"ShareNameLength\":7,\"SharePath\":\"\\??\\C:\\DFSRoots\\DFS\",\"SharePathLength\":19,\"ShareSecurityDescriptor\":\"010004803000000040000000000000001400000002001C000100000000001400A90012000101000000000001000000000102000000000005200000002002000001020000000000052000000020020000\",\"ShareSecurityDescriptorLength\":80,\"Status\":\"0xc0000022\",\"TranslatedStatus\":\"0xc0000022\",\"UserName\":\"ERDWAERME\\svc.mfp\",\"UserNameLength\":17}}}})"
"Yara";"SonicWall_IPs";"/mnt/dc3/Windows/System32/winevt/Logs/Microsoft-Windows-DNSServer%4Audit.evtx";"$ip_range at offset 0: 192.168.16.153 in ({\"Event\":{\"#attributes\":{\"xmlns\":\"http://schemas.microsoft.com/win/2004/08/events/event\"},\"EventData\":{\"BufferSize\":4,\"NAME\":\"NB-EWG-17\",\"RDATA\":\"C0A81099\",\"Source\":\"192.168.16.153\",\"TTL\":0,\"Type\":1,\"Zone\":\"Erdwaerme.local\",\"ZoneScope\":\"Default\"},\"System\":{\"Channel\":\"Microsoft-Windows-DNSServer/Audit\",\"Computer\":\"EWG-GW-DC-01.Erdwaerme.local\",\"Correlation\":null,\"EventID\":520,\"EventRecordID\":47165,\"Execution\":{\"#attributes\":{\"ProcessID\":812,\"ThreadID\":9928}},\"Keywords\":\"0x4000000002000000\",\"Level\":4,\"Opcode\":0,\"Provider\":{\"#attributes\":{\"Guid\":\"EB79061A-A566-4698-9119-3ED2807060E7\",\"Name\":\"Microsoft-Windows-DNSServer\"}},\"Security\":{\"#attributes\":{\"UserID\":\"S-1-5-18\"}},\"Task\":3,\"TimeCreated\":{\"#attributes\":{\"SystemTime\":\"2020-04-16T13:08:22.307269Z\"}},\"Version\":0}}})"
"Yara";"SonicWall_IPs";"/mnt/dc3/Windows/System32/winevt/Logs/Microsoft-Windows-DNSServer%4Audit.evtx";"$ip_range at offset 0: 192.168.16.153 in ({\"Event\":{\"#attributes\":{\"xmlns\":\"http://schemas.microsoft.com/win/2004/08/events/event\"},\"EventData\":{\"BufferSize\":4,\"NAME\":\"NB-EWG-17\",\"RDATA\":\"0A0A0037\",\"Source\":\"192.168.16.153\",\"TTL\":1200,\"Type\":1,\"Zone\":\"Erdwaerme.local\",\"ZoneScope\":\"Default\"},\"System\":{\"Channel\":\"Microsoft-Windows-DNSServer/Audit\",\"Computer\":\"EWG-GW-DC-01.Erdwaerme.local\",\"Correlation\":null,\"EventID\":519,\"EventRecordID\":47166,\"Execution\":{\"#attributes\":{\"ProcessID\":812,\"ThreadID\":9928}},\"Keywords\":\"0x4000000002000000\",\"Level\":4,\"Opcode\":0,\"Provider\":{\"#attributes\":{\"Guid\":\"EB79061A-A566-4698-9119-3ED2807060E7\",\"Name\":\"Microsoft-Windows-DNSServer\"}},\"Security\":{\"#attributes\":{\"UserID\":\"S-1-5-18\"}},\"Task\":3,\"TimeCreated\":{\"#attributes\":{\"SystemTime\":\"2020-04-16T13:08:22.307271Z\"}},\"Version\":0}}})"
"Yara";"SonicWall_IPs";"/mnt/dc3/Windows/System32/winevt/Logs/Microsoft-Windows-DNSServer%4Audit.evtx";"$ip_range at offset 0: 192.168.16.153 in ({\"Event\":{\"#attributes\":{\"xmlns\":\"http://schemas.microsoft.com/win/2004/08/events/event\"},\"EventData\":{\"BufferSize\":4,\"NAME\":\"NB-EWG-17\",\"RDATA\":\"C0A81099\",\"Source\":\"192.168.16.153\",\"TTL\":1200,\"Type\":1,\"Zone\":\"Erdwaerme.local\",\"ZoneScope\":\"Default\"},\"System\":{\"Channel\":\"Microsoft-Windows-DNSServer/Audit\",\"Computer\":\"EWG-GW-DC-01.Erdwaerme.local\",\"Correlation\":null,\"EventID\":519,\"EventRecordID\":47167,\"Execution\":{\"#attributes\":{\"ProcessID\":812,\"ThreadID\":9928}},\"Keywords\":\"0x4000000002000000\",\"Level\":4,\"Opcode\":0,\"Provider\":{\"#attributes\":{\"Guid\":\"EB79061A-A566-4698-9119-3ED2807060E7\",\"Name\":\"Microsoft-Windows-DNSServer\"}},\"Security\":{\"#attributes\":{\"UserID\":\"S-1-5-18\"}},\"Task\":3,\"TimeCreated\":{\"#attributes\":{\"SystemTime\":\"2020-04-16T13:08:22.307272Z\"}},\"Version\":0}}})"
"Yara";"SonicWall_IPs";"/mnt/dc3/Windows/System32/winevt/Logs/Microsoft-Windows-DNSServer%4Audit.evtx";"$ip_range at offset 0: 192.168.16.153 in ({\"Event\":{\"#attributes\":{\"xmlns\":\"http://schemas.microsoft.com/win/2004/08/events/event\"},\"EventData\":{\"BufferSize\":4,\"NAME\":\"NB-EWG-17\",\"RDATA\":\"C0A81099\",\"Source\":\"192.168.16.153\",\"TTL\":1200,\"Type\":1,\"Zone\":\"Erdwaerme.local\",\"ZoneScope\":\"Default\"},\"System\":{\"Channel\":\"Microsoft-Windows-DNSServer/Audit\",\"Computer\":\"EWG-GW-DC-01.Erdwaerme.local\",\"Correlation\":null,\"EventID\":519,\"EventRecordID\":47168,\"Execution\":{\"#attributes\":{\"ProcessID\":812,\"ThreadID\":9928}},\"Keywords\":\"0x4000000002000000\",\"Level\":4,\"Opcode\":0,\"Provider\":{\"#attributes\":{\"Guid\":\"EB79061A-A566-4698-9119-3ED2807060E7\",\"Name\":\"Microsoft-Windows-DNSServer\"}},\"Security\":{\"#attributes\":{\"UserID\":\"S-1-5-18\"}},\"Task\":3,\"TimeCreated\":{\"#attributes\":{\"SystemTime\":\"2020-04-16T13:08:22.307273Z\"}},\"Version\":0}}})"
